[ 2015-11-26T00:11:13+08:00 ] 127.0.0.1 /oceanliao/index.php/Main/search
INFO: [ route_check ] --START--
INFO: CheckRoute Behavior ::run [ RunTime:0.001104s ]
INFO: [ route_check ] --END-- [ RunTime:0.001173s ]
INFO: [ app_begin ] --START--
INFO: ReadHtmlCache Behavior ::run [ RunTime:0.000821s ]
INFO: [ app_begin ] --END-- [ RunTime:0.000872s ]

[ 2015-11-26T15:04:00+08:00 ] 127.0.0.1 /oceanliao/
INFO: [ app_begin ] --START--
INFO: ReadHtmlCache Behavior ::run [ RunTime:0.001788s ]
INFO: [ app_begin ] --END-- [ RunTime:0.001894s ]

[ 2015-11-26T15:04:00+08:00 ] 127.0.0.1 /oceanliao/index.php/Main/Eindex.html
INFO: [ route_check ] --START--
INFO: CheckRoute Behavior ::run [ RunTime:0.001505s ]
INFO: [ route_check ] --END-- [ RunTime:0.001575s ]
INFO: [ app_begin ] --START--
INFO: ReadHtmlCache Behavior ::run [ RunTime:0.000558s ]
INFO: [ app_begin ] --END-- [ RunTime:0.000610s ]
SQL: SHOW COLUMNS FROM `ocean_message` [ RunTime:0.009459s ]
SQL: SELECT * FROM `ocean_message` ORDER BY id DESC  [ RunTime:0.009852s ]
INFO: [ view_parse ] --START--
INFO: ParseTemplate Behavior ::run [ RunTime:0.019769s ]
INFO: [ view_parse ] --END-- [ RunTime:0.019854s ]
INFO: [ view_filter ] --START--
INFO: ContentReplace Behavior ::run [ RunTime:0.001131s ]
INFO: TokenBuild Behavior ::run [ RunTime:0.000867s ]
INFO: WriteHtmlCache Behavior ::run [ RunTime:0.000781s ]
INFO: ShowRuntime Behavior ::run [ RunTime:0.001012s ]
INFO: [ view_filter ] --END-- [ RunTime:0.003941s ]
INFO: [ view_end ] --START--
INFO: ShowPageTrace Behavior ::run [ RunTime:0.001137s ]
INFO: [ view_end ] --END-- [ RunTime:0.001189s ]

[ 2015-11-26T15:04:03+08:00 ] 127.0.0.1 /oceanliao/index.php/Main/Eindex
INFO: [ route_check ] --START--
INFO: CheckRoute Behavior ::run [ RunTime:0.000804s ]
INFO: [ route_check ] --END-- [ RunTime:0.000872s ]
INFO: [ app_begin ] --START--
INFO: ReadHtmlCache Behavior ::run [ RunTime:0.000552s ]
INFO: [ app_begin ] --END-- [ RunTime:0.000604s ]
SQL: SHOW COLUMNS FROM `ocean_message` [ RunTime:0.003560s ]
SQL: SELECT * FROM `ocean_message` ORDER BY id DESC  [ RunTime:0.002513s ]
INFO: [ view_parse ] --START--
INFO: ParseTemplate Behavior ::run [ RunTime:0.009029s ]
INFO: [ view_parse ] --END-- [ RunTime:0.009123s ]
INFO: [ view_filter ] --START--
INFO: ContentReplace Behavior ::run [ RunTime:0.000522s ]
INFO: TokenBuild Behavior ::run [ RunTime:0.000424s ]
INFO: WriteHtmlCache Behavior ::run [ RunTime:0.000317s ]
INFO: ShowRuntime Behavior ::run [ RunTime:0.000504s ]
INFO: [ view_filter ] --END-- [ RunTime:0.001907s ]
INFO: [ view_end ] --START--
INFO: ShowPageTrace Behavior ::run [ RunTime:0.000614s ]
INFO: [ view_end ] --END-- [ RunTime:0.000665s ]

[ 2015-11-26T15:04:04+08:00 ] 127.0.0.1 /oceanliao/index.php/Main/heart
INFO: [ route_check ] --START--
INFO: CheckRoute Behavior ::run [ RunTime:0.000786s ]
INFO: [ route_check ] --END-- [ RunTime:0.000861s ]
INFO: [ app_begin ] --START--
INFO: ReadHtmlCache Behavior ::run [ RunTime:0.000548s ]
INFO: [ app_begin ] --END-- [ RunTime:0.000599s ]
INFO: [ view_parse ] --START--
INFO: ParseTemplate Behavior ::run [ RunTime:0.008222s ]
INFO: [ view_parse ] --END-- [ RunTime:0.008298s ]
INFO: [ view_filter ] --START--
INFO: ContentReplace Behavior ::run [ RunTime:0.000466s ]
INFO: TokenBuild Behavior ::run [ RunTime:0.000406s ]
INFO: WriteHtmlCache Behavior ::run [ RunTime:0.000305s ]
INFO: ShowRuntime Behavior ::run [ RunTime:0.000493s ]
INFO: [ view_filter ] --END-- [ RunTime:0.001810s ]
INFO: [ view_end ] --START--
INFO: ShowPageTrace Behavior ::run [ RunTime:0.000613s ]
INFO: [ view_end ] --END-- [ RunTime:0.000664s ]

[ 2015-11-26T15:04:05+08:00 ] 127.0.0.1 /oceanliao/index.php/Main/Eindex
INFO: [ route_check ] --START--
INFO: CheckRoute Behavior ::run [ RunTime:0.000794s ]
INFO: [ route_check ] --END-- [ RunTime:0.000862s ]
INFO: [ app_begin ] --START--
INFO: ReadHtmlCache Behavior ::run [ RunTime:0.000551s ]
INFO: [ app_begin ] --END-- [ RunTime:0.000602s ]
SQL: SHOW COLUMNS FROM `ocean_message` [ RunTime:0.003635s ]
SQL: SELECT * FROM `ocean_message` ORDER BY id DESC  [ RunTime:0.002594s ]
INFO: [ view_parse ] --START--
INFO: ParseTemplate Behavior ::run [ RunTime:0.008877s ]
INFO: [ view_parse ] --END-- [ RunTime:0.008953s ]
INFO: [ view_filter ] --START--
INFO: ContentReplace Behavior ::run [ RunTime:0.000486s ]
INFO: TokenBuild Behavior ::run [ RunTime:0.000416s ]
INFO: WriteHtmlCache Behavior ::run [ RunTime:0.000314s ]
INFO: ShowRuntime Behavior ::run [ RunTime:0.000489s ]
INFO: [ view_filter ] --END-- [ RunTime:0.001845s ]
INFO: [ view_end ] --START--
INFO: ShowPageTrace Behavior ::run [ RunTime:0.000616s ]
INFO: [ view_end ] --END-- [ RunTime:0.000667s ]

[ 2015-11-26T15:04:21+08:00 ] 127.0.0.1 /oceanliao/index.php/Main/search
INFO: [ route_check ] --START--
INFO: CheckRoute Behavior ::run [ RunTime:0.000797s ]
INFO: [ route_check ] --END-- [ RunTime:0.000867s ]
INFO: [ app_begin ] --START--
INFO: ReadHtmlCache Behavior ::run [ RunTime:0.000550s ]
INFO: [ app_begin ] --END-- [ RunTime:0.000600s ]

[ 2015-11-26T15:04:31+08:00 ] 127.0.0.1 /oceanliao/index.php/Main/search
INFO: [ route_check ] --START--
INFO: CheckRoute Behavior ::run [ RunTime:0.000973s ]
INFO: [ route_check ] --END-- [ RunTime:0.001043s ]
INFO: [ app_begin ] --START--
INFO: ReadHtmlCache Behavior ::run [ RunTime:0.000620s ]
INFO: [ app_begin ] --END-- [ RunTime:0.000673s ]

