[ 2015-11-06T00:43:41+08:00 ] 127.0.0.1 /Oceanliao/index.php/Main/Eindex
INFO: [ route_check ] --START--
INFO: CheckRoute Behavior ::run [ RunTime:0.007453s ]
INFO: [ route_check ] --END-- [ RunTime:0.007799s ]
INFO: [ app_begin ] --START--
INFO: ReadHtmlCache Behavior ::run [ RunTime:0.003352s ]
INFO: [ app_begin ] --END-- [ RunTime:0.003628s ]
NOTIC: [8] Constant THEME_NAME already defined C:\wamp\www\Oceanliao\ThinkPHP\Lib\Core\View.class.php 第 223 行.
NOTIC: [8] Constant THEME_PATH already defined C:\wamp\www\Oceanliao\ThinkPHP\Lib\Core\View.class.php 第 174 行.
NOTIC: [8] Constant APP_TMPL_PATH already defined C:\wamp\www\Oceanliao\ThinkPHP\Lib\Core\View.class.php 第 175 行.
INFO: [ view_parse ] --START--
INFO: ParseTemplate Behavior ::run [ RunTime:0.055583s ]
INFO: [ view_parse ] --END-- [ RunTime:0.055905s ]
INFO: [ view_filter ] --START--
INFO: ContentReplace Behavior ::run [ RunTime:0.002631s ]
INFO: TokenBuild Behavior ::run [ RunTime:0.002698s ]
INFO: WriteHtmlCache Behavior ::run [ RunTime:0.002218s ]
INFO: ShowRuntime Behavior ::run [ RunTime:0.002716s ]
INFO: [ view_filter ] --END-- [ RunTime:0.010945s ]
INFO: [ view_end ] --START--
INFO: ShowPageTrace Behavior ::run [ RunTime:0.003154s ]
INFO: [ view_end ] --END-- [ RunTime:0.003393s ]

[ 2015-11-06T00:43:47+08:00 ] 127.0.0.1 /Oceanliao/index.php/Main/Eindex
INFO: [ route_check ] --START--
INFO: CheckRoute Behavior ::run [ RunTime:0.004393s ]
INFO: [ route_check ] --END-- [ RunTime:0.004673s ]
INFO: [ app_begin ] --START--
INFO: ReadHtmlCache Behavior ::run [ RunTime:0.003164s ]
INFO: [ app_begin ] --END-- [ RunTime:0.003414s ]
NOTIC: [8] Constant THEME_NAME already defined C:\wamp\www\Oceanliao\ThinkPHP\Lib\Core\View.class.php 第 223 行.
NOTIC: [8] Constant THEME_PATH already defined C:\wamp\www\Oceanliao\ThinkPHP\Lib\Core\View.class.php 第 174 行.
NOTIC: [8] Constant APP_TMPL_PATH already defined C:\wamp\www\Oceanliao\ThinkPHP\Lib\Core\View.class.php 第 175 行.
INFO: [ view_parse ] --START--
INFO: ParseTemplate Behavior ::run [ RunTime:0.052157s ]
INFO: [ view_parse ] --END-- [ RunTime:0.052464s ]
INFO: [ view_filter ] --START--
INFO: ContentReplace Behavior ::run [ RunTime:0.002612s ]
INFO: TokenBuild Behavior ::run [ RunTime:0.002569s ]
INFO: WriteHtmlCache Behavior ::run [ RunTime:0.003219s ]
INFO: ShowRuntime Behavior ::run [ RunTime:0.002845s ]
INFO: [ view_filter ] --END-- [ RunTime:0.011953s ]
INFO: [ view_end ] --START--
INFO: ShowPageTrace Behavior ::run [ RunTime:0.003266s ]
INFO: [ view_end ] --END-- [ RunTime:0.003489s ]

[ 2015-11-06T00:48:03+08:00 ] 127.0.0.1 /Oceanliao/index.php/Main/Eindex
INFO: [ route_check ] --START--
INFO: CheckRoute Behavior ::run [ RunTime:0.005407s ]
INFO: [ route_check ] --END-- [ RunTime:0.005686s ]
INFO: [ app_begin ] --START--
INFO: ReadHtmlCache Behavior ::run [ RunTime:0.003685s ]
INFO: [ app_begin ] --END-- [ RunTime:0.003926s ]
NOTIC: [8] Constant THEME_NAME already defined C:\wamp\www\Oceanliao\ThinkPHP\Lib\Core\View.class.php 第 223 行.
NOTIC: [8] Constant THEME_PATH already defined C:\wamp\www\Oceanliao\ThinkPHP\Lib\Core\View.class.php 第 174 行.
NOTIC: [8] Constant APP_TMPL_PATH already defined C:\wamp\www\Oceanliao\ThinkPHP\Lib\Core\View.class.php 第 175 行.
INFO: [ view_parse ] --START--
INFO: ParseTemplate Behavior ::run [ RunTime:0.037147s ]
INFO: [ view_parse ] --END-- [ RunTime:0.037421s ]
INFO: [ view_filter ] --START--
INFO: ContentReplace Behavior ::run [ RunTime:0.002608s ]
INFO: TokenBuild Behavior ::run [ RunTime:0.002538s ]
INFO: WriteHtmlCache Behavior ::run [ RunTime:0.007627s ]
INFO: ShowRuntime Behavior ::run [ RunTime:0.003206s ]
INFO: [ view_filter ] --END-- [ RunTime:0.016678s ]
INFO: [ view_end ] --START--
INFO: ShowPageTrace Behavior ::run [ RunTime:0.003221s ]
INFO: [ view_end ] --END-- [ RunTime:0.003444s ]

[ 2015-11-06T01:11:10+08:00 ] 127.0.0.1 /Oceanliao/index.php/Main/Eindex
INFO: [ route_check ] --START--
INFO: CheckRoute Behavior ::run [ RunTime:0.005414s ]
INFO: [ route_check ] --END-- [ RunTime:0.005719s ]
INFO: [ app_begin ] --START--
INFO: ReadHtmlCache Behavior ::run [ RunTime:0.003069s ]
INFO: [ app_begin ] --END-- [ RunTime:0.003348s ]
NOTIC: [8] Constant THEME_NAME already defined C:\wamp\www\Oceanliao\ThinkPHP\Lib\Core\View.class.php 第 223 行.
NOTIC: [8] Constant THEME_PATH already defined C:\wamp\www\Oceanliao\ThinkPHP\Lib\Core\View.class.php 第 174 行.
NOTIC: [8] Constant APP_TMPL_PATH already defined C:\wamp\www\Oceanliao\ThinkPHP\Lib\Core\View.class.php 第 175 行.
INFO: [ view_parse ] --START--
INFO: ParseTemplate Behavior ::run [ RunTime:0.062440s ]
INFO: [ view_parse ] --END-- [ RunTime:0.062719s ]
INFO: [ view_filter ] --START--
INFO: ContentReplace Behavior ::run [ RunTime:0.003557s ]
INFO: TokenBuild Behavior ::run [ RunTime:0.002872s ]
INFO: WriteHtmlCache Behavior ::run [ RunTime:0.002526s ]
INFO: ShowRuntime Behavior ::run [ RunTime:0.003521s ]
INFO: [ view_filter ] --END-- [ RunTime:0.013228s ]
INFO: [ view_end ] --START--
INFO: ShowPageTrace Behavior ::run [ RunTime:0.003421s ]
INFO: [ view_end ] --END-- [ RunTime:0.003655s ]

[ 2015-11-06T01:11:58+08:00 ] 127.0.0.1 /Oceanliao/index.php/Main/Eindex
INFO: [ route_check ] --START--
INFO: CheckRoute Behavior ::run [ RunTime:0.004278s ]
INFO: [ route_check ] --END-- [ RunTime:0.004550s ]
INFO: [ app_begin ] --START--
INFO: ReadHtmlCache Behavior ::run [ RunTime:0.002940s ]
INFO: [ app_begin ] --END-- [ RunTime:0.003207s ]
NOTIC: [8] Constant THEME_NAME already defined C:\wamp\www\Oceanliao\ThinkPHP\Lib\Core\View.class.php 第 223 行.
NOTIC: [8] Constant THEME_PATH already defined C:\wamp\www\Oceanliao\ThinkPHP\Lib\Core\View.class.php 第 174 行.
NOTIC: [8] Constant APP_TMPL_PATH already defined C:\wamp\www\Oceanliao\ThinkPHP\Lib\Core\View.class.php 第 175 行.
INFO: [ view_parse ] --START--
INFO: ParseTemplate Behavior ::run [ RunTime:0.054612s ]
INFO: [ view_parse ] --END-- [ RunTime:0.054913s ]
INFO: [ view_filter ] --START--
INFO: ContentReplace Behavior ::run [ RunTime:0.002947s ]
INFO: TokenBuild Behavior ::run [ RunTime:0.002642s ]
INFO: WriteHtmlCache Behavior ::run [ RunTime:0.002210s ]
INFO: ShowRuntime Behavior ::run [ RunTime:0.002727s ]
INFO: [ view_filter ] --END-- [ RunTime:0.011224s ]
INFO: [ view_end ] --START--
INFO: ShowPageTrace Behavior ::run [ RunTime:0.003590s ]
INFO: [ view_end ] --END-- [ RunTime:0.003949s ]

[ 2015-11-06T01:12:24+08:00 ] 127.0.0.1 /Oceanliao/index.php/Main/Eindex
INFO: [ route_check ] --START--
INFO: CheckRoute Behavior ::run [ RunTime:0.005554s ]
INFO: [ route_check ] --END-- [ RunTime:0.005849s ]
INFO: [ app_begin ] --START--
INFO: ReadHtmlCache Behavior ::run [ RunTime:0.002900s ]
INFO: [ app_begin ] --END-- [ RunTime:0.003157s ]
NOTIC: [8] Constant THEME_NAME already defined C:\wamp\www\Oceanliao\ThinkPHP\Lib\Core\View.class.php 第 223 行.
NOTIC: [8] Constant THEME_PATH already defined C:\wamp\www\Oceanliao\ThinkPHP\Lib\Core\View.class.php 第 174 行.
NOTIC: [8] Constant APP_TMPL_PATH already defined C:\wamp\www\Oceanliao\ThinkPHP\Lib\Core\View.class.php 第 175 行.
INFO: [ view_parse ] --START--
INFO: ParseTemplate Behavior ::run [ RunTime:0.037057s ]
INFO: [ view_parse ] --END-- [ RunTime:0.037445s ]
INFO: [ view_filter ] --START--
INFO: ContentReplace Behavior ::run [ RunTime:0.003832s ]
INFO: TokenBuild Behavior ::run [ RunTime:0.002618s ]
INFO: WriteHtmlCache Behavior ::run [ RunTime:0.002263s ]
INFO: ShowRuntime Behavior ::run [ RunTime:0.003542s ]
INFO: [ view_filter ] --END-- [ RunTime:0.013415s ]
INFO: [ view_end ] --START--
INFO: ShowPageTrace Behavior ::run [ RunTime:0.003296s ]
INFO: [ view_end ] --END-- [ RunTime:0.003519s ]

[ 2015-11-06T01:12:32+08:00 ] 127.0.0.1 /Oceanliao/index.php/Main/Eindex
INFO: [ route_check ] --START--
INFO: CheckRoute Behavior ::run [ RunTime:0.004126s ]
INFO: [ route_check ] --END-- [ RunTime:0.004401s ]
INFO: [ app_begin ] --START--
INFO: ReadHtmlCache Behavior ::run [ RunTime:0.004052s ]
INFO: [ app_begin ] --END-- [ RunTime:0.004298s ]
NOTIC: [8] Constant THEME_NAME already defined C:\wamp\www\Oceanliao\ThinkPHP\Lib\Core\View.class.php 第 223 行.
NOTIC: [8] Constant THEME_PATH already defined C:\wamp\www\Oceanliao\ThinkPHP\Lib\Core\View.class.php 第 174 行.
NOTIC: [8] Constant APP_TMPL_PATH already defined C:\wamp\www\Oceanliao\ThinkPHP\Lib\Core\View.class.php 第 175 行.
INFO: [ view_parse ] --START--
INFO: ParseTemplate Behavior ::run [ RunTime:0.065455s ]
INFO: [ view_parse ] --END-- [ RunTime:0.065739s ]
INFO: [ view_filter ] --START--
INFO: ContentReplace Behavior ::run [ RunTime:0.002858s ]
INFO: TokenBuild Behavior ::run [ RunTime:0.002706s ]
INFO: WriteHtmlCache Behavior ::run [ RunTime:0.002513s ]
INFO: ShowRuntime Behavior ::run [ RunTime:0.002990s ]
INFO: [ view_filter ] --END-- [ RunTime:0.011867s ]
INFO: [ view_end ] --START--
INFO: ShowPageTrace Behavior ::run [ RunTime:0.003342s ]
INFO: [ view_end ] --END-- [ RunTime:0.003573s ]

[ 2015-11-06T01:12:45+08:00 ] 127.0.0.1 /Oceanliao/index.php/Main/Eindex
INFO: [ route_check ] --START--
INFO: CheckRoute Behavior ::run [ RunTime:0.003289s ]
INFO: [ route_check ] --END-- [ RunTime:0.003561s ]
INFO: [ app_begin ] --START--
INFO: ReadHtmlCache Behavior ::run [ RunTime:0.002522s ]
INFO: [ app_begin ] --END-- [ RunTime:0.002765s ]
NOTIC: [8] Constant THEME_NAME already defined C:\wamp\www\Oceanliao\ThinkPHP\Lib\Core\View.class.php 第 223 行.
NOTIC: [8] Constant THEME_PATH already defined C:\wamp\www\Oceanliao\ThinkPHP\Lib\Core\View.class.php 第 174 行.
NOTIC: [8] Constant APP_TMPL_PATH already defined C:\wamp\www\Oceanliao\ThinkPHP\Lib\Core\View.class.php 第 175 行.
INFO: [ view_parse ] --START--
INFO: ParseTemplate Behavior ::run [ RunTime:0.029924s ]
INFO: [ view_parse ] --END-- [ RunTime:0.030176s ]
INFO: [ view_filter ] --START--
INFO: ContentReplace Behavior ::run [ RunTime:0.002482s ]
INFO: TokenBuild Behavior ::run [ RunTime:0.002225s ]
INFO: WriteHtmlCache Behavior ::run [ RunTime:0.001804s ]
INFO: ShowRuntime Behavior ::run [ RunTime:0.002318s ]
INFO: [ view_filter ] --END-- [ RunTime:0.009478s ]
INFO: [ view_end ] --START--
INFO: ShowPageTrace Behavior ::run [ RunTime:0.002806s ]
INFO: [ view_end ] --END-- [ RunTime:0.003019s ]

[ 2015-11-06T01:12:48+08:00 ] 127.0.0.1 /Oceanliao/index.php/Main/Eindex
INFO: [ route_check ] --START--
INFO: CheckRoute Behavior ::run [ RunTime:0.004313s ]
INFO: [ route_check ] --END-- [ RunTime:0.004588s ]
INFO: [ app_begin ] --START--
INFO: ReadHtmlCache Behavior ::run [ RunTime:0.003493s ]
INFO: [ app_begin ] --END-- [ RunTime:0.003747s ]
NOTIC: [8] Constant THEME_NAME already defined C:\wamp\www\Oceanliao\ThinkPHP\Lib\Core\View.class.php 第 223 行.
NOTIC: [8] Constant THEME_PATH already defined C:\wamp\www\Oceanliao\ThinkPHP\Lib\Core\View.class.php 第 174 行.
NOTIC: [8] Constant APP_TMPL_PATH already defined C:\wamp\www\Oceanliao\ThinkPHP\Lib\Core\View.class.php 第 175 行.
INFO: [ view_parse ] --START--
INFO: ParseTemplate Behavior ::run [ RunTime:0.032826s ]
INFO: [ view_parse ] --END-- [ RunTime:0.033093s ]
INFO: [ view_filter ] --START--
INFO: ContentReplace Behavior ::run [ RunTime:0.002694s ]
INFO: TokenBuild Behavior ::run [ RunTime:0.003141s ]
INFO: WriteHtmlCache Behavior ::run [ RunTime:0.002216s ]
INFO: ShowRuntime Behavior ::run [ RunTime:0.003273s ]
INFO: [ view_filter ] --END-- [ RunTime:0.013077s ]
INFO: [ view_end ] --START--
INFO: ShowPageTrace Behavior ::run [ RunTime:0.003340s ]
INFO: [ view_end ] --END-- [ RunTime:0.003558s ]

[ 2015-11-06T01:13:19+08:00 ] 127.0.0.1 /Oceanliao/index.php/Main/Eindex
INFO: [ route_check ] --START--
INFO: CheckRoute Behavior ::run [ RunTime:0.003476s ]
INFO: [ route_check ] --END-- [ RunTime:0.003760s ]
INFO: [ app_begin ] --START--
INFO: ReadHtmlCache Behavior ::run [ RunTime:0.002721s ]
INFO: [ app_begin ] --END-- [ RunTime:0.002961s ]
NOTIC: [8] Constant THEME_NAME already defined C:\wamp\www\Oceanliao\ThinkPHP\Lib\Core\View.class.php 第 223 行.
NOTIC: [8] Constant THEME_PATH already defined C:\wamp\www\Oceanliao\ThinkPHP\Lib\Core\View.class.php 第 174 行.
NOTIC: [8] Constant APP_TMPL_PATH already defined C:\wamp\www\Oceanliao\ThinkPHP\Lib\Core\View.class.php 第 175 行.
INFO: [ view_parse ] --START--
INFO: ParseTemplate Behavior ::run [ RunTime:0.035248s ]
INFO: [ view_parse ] --END-- [ RunTime:0.035517s ]
INFO: [ view_filter ] --START--
INFO: ContentReplace Behavior ::run [ RunTime:0.003407s ]
INFO: TokenBuild Behavior ::run [ RunTime:0.002314s ]
INFO: WriteHtmlCache Behavior ::run [ RunTime:0.004648s ]
INFO: ShowRuntime Behavior ::run [ RunTime:0.002376s ]
INFO: [ view_filter ] --END-- [ RunTime:0.013425s ]
INFO: [ view_end ] --START--
INFO: ShowPageTrace Behavior ::run [ RunTime:0.005281s ]
INFO: [ view_end ] --END-- [ RunTime:0.005526s ]

[ 2015-11-06T01:13:25+08:00 ] 127.0.0.1 /Oceanliao/index.php/Main/Eindex
INFO: [ route_check ] --START--
INFO: CheckRoute Behavior ::run [ RunTime:0.004546s ]
INFO: [ route_check ] --END-- [ RunTime:0.004841s ]
INFO: [ app_begin ] --START--
INFO: ReadHtmlCache Behavior ::run [ RunTime:0.002911s ]
INFO: [ app_begin ] --END-- [ RunTime:0.003169s ]
NOTIC: [8] Constant THEME_NAME already defined C:\wamp\www\Oceanliao\ThinkPHP\Lib\Core\View.class.php 第 223 行.
NOTIC: [8] Constant THEME_PATH already defined C:\wamp\www\Oceanliao\ThinkPHP\Lib\Core\View.class.php 第 174 行.
NOTIC: [8] Constant APP_TMPL_PATH already defined C:\wamp\www\Oceanliao\ThinkPHP\Lib\Core\View.class.php 第 175 行.
INFO: [ view_parse ] --START--
INFO: ParseTemplate Behavior ::run [ RunTime:0.033896s ]
INFO: [ view_parse ] --END-- [ RunTime:0.034170s ]
INFO: [ view_filter ] --START--
INFO: ContentReplace Behavior ::run [ RunTime:0.003031s ]
INFO: TokenBuild Behavior ::run [ RunTime:0.003116s ]
INFO: WriteHtmlCache Behavior ::run [ RunTime:0.002309s ]
INFO: ShowRuntime Behavior ::run [ RunTime:0.002958s ]
INFO: [ view_filter ] --END-- [ RunTime:0.012117s ]
INFO: [ view_end ] --START--
INFO: ShowPageTrace Behavior ::run [ RunTime:0.003385s ]
INFO: [ view_end ] --END-- [ RunTime:0.003631s ]

[ 2015-11-06T01:13:31+08:00 ] 127.0.0.1 /Oceanliao/index.php/Main/Eindex
INFO: [ route_check ] --START--
INFO: CheckRoute Behavior ::run [ RunTime:0.003602s ]
INFO: [ route_check ] --END-- [ RunTime:0.003886s ]
INFO: [ app_begin ] --START--
INFO: ReadHtmlCache Behavior ::run [ RunTime:0.002743s ]
INFO: [ app_begin ] --END-- [ RunTime:0.002992s ]
NOTIC: [8] Constant THEME_NAME already defined C:\wamp\www\Oceanliao\ThinkPHP\Lib\Core\View.class.php 第 223 行.
NOTIC: [8] Constant THEME_PATH already defined C:\wamp\www\Oceanliao\ThinkPHP\Lib\Core\View.class.php 第 174 行.
NOTIC: [8] Constant APP_TMPL_PATH already defined C:\wamp\www\Oceanliao\ThinkPHP\Lib\Core\View.class.php 第 175 行.
INFO: [ view_parse ] --START--
INFO: ParseTemplate Behavior ::run [ RunTime:0.030101s ]
INFO: [ view_parse ] --END-- [ RunTime:0.030382s ]
INFO: [ view_filter ] --START--
INFO: ContentReplace Behavior ::run [ RunTime:0.002798s ]
INFO: TokenBuild Behavior ::run [ RunTime:0.002245s ]
INFO: WriteHtmlCache Behavior ::run [ RunTime:0.001907s ]
INFO: ShowRuntime Behavior ::run [ RunTime:0.002517s ]
INFO: [ view_filter ] --END-- [ RunTime:0.010175s ]
INFO: [ view_end ] --START--
INFO: ShowPageTrace Behavior ::run [ RunTime:0.003120s ]
INFO: [ view_end ] --END-- [ RunTime:0.003348s ]

[ 2015-11-06T01:21:51+08:00 ] 127.0.0.1 /Oceanliao/index.php/Main/Eindex.html
INFO: [ route_check ] --START--
INFO: CheckRoute Behavior ::run [ RunTime:0.004745s ]
INFO: [ route_check ] --END-- [ RunTime:0.005056s ]
INFO: [ app_begin ] --START--
INFO: ReadHtmlCache Behavior ::run [ RunTime:0.003308s ]
INFO: [ app_begin ] --END-- [ RunTime:0.003579s ]
NOTIC: [8] Constant THEME_NAME already defined C:\wamp\www\Oceanliao\ThinkPHP\Lib\Core\View.class.php 第 223 行.
NOTIC: [8] Constant THEME_PATH already defined C:\wamp\www\Oceanliao\ThinkPHP\Lib\Core\View.class.php 第 174 行.
NOTIC: [8] Constant APP_TMPL_PATH already defined C:\wamp\www\Oceanliao\ThinkPHP\Lib\Core\View.class.php 第 175 行.
INFO: [ view_parse ] --START--
INFO: ParseTemplate Behavior ::run [ RunTime:0.058843s ]
INFO: [ view_parse ] --END-- [ RunTime:0.059100s ]
INFO: [ view_filter ] --START--
INFO: ContentReplace Behavior ::run [ RunTime:0.002677s ]
INFO: TokenBuild Behavior ::run [ RunTime:0.002680s ]
INFO: WriteHtmlCache Behavior ::run [ RunTime:0.003047s ]
INFO: ShowRuntime Behavior ::run [ RunTime:0.003307s ]
INFO: [ view_filter ] --END-- [ RunTime:0.012617s ]
INFO: [ view_end ] --START--
INFO: ShowPageTrace Behavior ::run [ RunTime:0.003486s ]
INFO: [ view_end ] --END-- [ RunTime:0.003718s ]

[ 2015-11-06T01:21:55+08:00 ] 127.0.0.1 /Oceanliao/index.php/Main/Eindex.html
INFO: [ route_check ] --START--
INFO: CheckRoute Behavior ::run [ RunTime:0.003790s ]
INFO: [ route_check ] --END-- [ RunTime:0.004106s ]
INFO: [ app_begin ] --START--
INFO: ReadHtmlCache Behavior ::run [ RunTime:0.002878s ]
INFO: [ app_begin ] --END-- [ RunTime:0.003296s ]
NOTIC: [8] Constant THEME_NAME already defined C:\wamp\www\Oceanliao\ThinkPHP\Lib\Core\View.class.php 第 223 行.
NOTIC: [8] Constant THEME_PATH already defined C:\wamp\www\Oceanliao\ThinkPHP\Lib\Core\View.class.php 第 174 行.
NOTIC: [8] Constant APP_TMPL_PATH already defined C:\wamp\www\Oceanliao\ThinkPHP\Lib\Core\View.class.php 第 175 行.
INFO: [ view_parse ] --START--
INFO: ParseTemplate Behavior ::run [ RunTime:0.029919s ]
INFO: [ view_parse ] --END-- [ RunTime:0.030178s ]
INFO: [ view_filter ] --START--
INFO: ContentReplace Behavior ::run [ RunTime:0.002780s ]
INFO: TokenBuild Behavior ::run [ RunTime:0.002213s ]
INFO: WriteHtmlCache Behavior ::run [ RunTime:0.001954s ]
INFO: ShowRuntime Behavior ::run [ RunTime:0.002409s ]
INFO: [ view_filter ] --END-- [ RunTime:0.010019s ]
INFO: [ view_end ] --START--
INFO: ShowPageTrace Behavior ::run [ RunTime:0.002952s ]
INFO: [ view_end ] --END-- [ RunTime:0.003175s ]

[ 2015-11-06T01:22:00+08:00 ] 127.0.0.1 /Oceanliao/index.php/Main/Eindex.html
INFO: [ route_check ] --START--
INFO: CheckRoute Behavior ::run [ RunTime:0.019242s ]
INFO: [ route_check ] --END-- [ RunTime:0.019550s ]
INFO: [ app_begin ] --START--
INFO: ReadHtmlCache Behavior ::run [ RunTime:0.003897s ]
INFO: [ app_begin ] --END-- [ RunTime:0.004176s ]
NOTIC: [8] Constant THEME_NAME already defined C:\wamp\www\Oceanliao\ThinkPHP\Lib\Core\View.class.php 第 223 行.
NOTIC: [8] Constant THEME_PATH already defined C:\wamp\www\Oceanliao\ThinkPHP\Lib\Core\View.class.php 第 174 行.
NOTIC: [8] Constant APP_TMPL_PATH already defined C:\wamp\www\Oceanliao\ThinkPHP\Lib\Core\View.class.php 第 175 行.
INFO: [ view_parse ] --START--
INFO: ParseTemplate Behavior ::run [ RunTime:0.063535s ]
INFO: [ view_parse ] --END-- [ RunTime:0.063797s ]
INFO: [ view_filter ] --START--
INFO: ContentReplace Behavior ::run [ RunTime:0.002906s ]
INFO: TokenBuild Behavior ::run [ RunTime:0.003213s ]
INFO: WriteHtmlCache Behavior ::run [ RunTime:0.003247s ]
INFO: ShowRuntime Behavior ::run [ RunTime:0.003524s ]
INFO: [ view_filter ] --END-- [ RunTime:0.014131s ]
INFO: [ view_end ] --START--
INFO: ShowPageTrace Behavior ::run [ RunTime:0.004473s ]
INFO: [ view_end ] --END-- [ RunTime:0.004707s ]

[ 2015-11-06T01:22:04+08:00 ] 127.0.0.1 /Oceanliao/index.php/Main/Eindex.html
INFO: [ route_check ] --START--
INFO: CheckRoute Behavior ::run [ RunTime:0.004663s ]
INFO: [ route_check ] --END-- [ RunTime:0.004950s ]
INFO: [ app_begin ] --START--
INFO: ReadHtmlCache Behavior ::run [ RunTime:0.003182s ]
INFO: [ app_begin ] --END-- [ RunTime:0.003652s ]
NOTIC: [8] Constant THEME_NAME already defined C:\wamp\www\Oceanliao\ThinkPHP\Lib\Core\View.class.php 第 223 行.
NOTIC: [8] Constant THEME_PATH already defined C:\wamp\www\Oceanliao\ThinkPHP\Lib\Core\View.class.php 第 174 行.
NOTIC: [8] Constant APP_TMPL_PATH already defined C:\wamp\www\Oceanliao\ThinkPHP\Lib\Core\View.class.php 第 175 行.
INFO: [ view_parse ] --START--
INFO: ParseTemplate Behavior ::run [ RunTime:0.053336s ]
INFO: [ view_parse ] --END-- [ RunTime:0.053615s ]
INFO: [ view_filter ] --START--
INFO: ContentReplace Behavior ::run [ RunTime:0.002726s ]
INFO: TokenBuild Behavior ::run [ RunTime:0.002888s ]
INFO: WriteHtmlCache Behavior ::run [ RunTime:0.002295s ]
INFO: ShowRuntime Behavior ::run [ RunTime:0.003651s ]
INFO: [ view_filter ] --END-- [ RunTime:0.012246s ]
INFO: [ view_end ] --START--
INFO: ShowPageTrace Behavior ::run [ RunTime:0.003322s ]
INFO: [ view_end ] --END-- [ RunTime:0.003539s ]

[ 2015-11-06T01:22:13+08:00 ] 127.0.0.1 /Oceanliao/index.php/Main/Eindex.html
INFO: [ route_check ] --START--
INFO: CheckRoute Behavior ::run [ RunTime:0.003753s ]
INFO: [ route_check ] --END-- [ RunTime:0.004034s ]
INFO: [ app_begin ] --START--
INFO: ReadHtmlCache Behavior ::run [ RunTime:0.002654s ]
INFO: [ app_begin ] --END-- [ RunTime:0.003030s ]
NOTIC: [8] Constant THEME_NAME already defined C:\wamp\www\Oceanliao\ThinkPHP\Lib\Core\View.class.php 第 223 行.
NOTIC: [8] Constant THEME_PATH already defined C:\wamp\www\Oceanliao\ThinkPHP\Lib\Core\View.class.php 第 174 行.
NOTIC: [8] Constant APP_TMPL_PATH already defined C:\wamp\www\Oceanliao\ThinkPHP\Lib\Core\View.class.php 第 175 行.
INFO: [ view_parse ] --START--
INFO: ParseTemplate Behavior ::run [ RunTime:0.029120s ]
INFO: [ view_parse ] --END-- [ RunTime:0.029377s ]
INFO: [ view_filter ] --START--
INFO: ContentReplace Behavior ::run [ RunTime:0.002390s ]
INFO: TokenBuild Behavior ::run [ RunTime:0.002329s ]
INFO: WriteHtmlCache Behavior ::run [ RunTime:0.001868s ]
INFO: ShowRuntime Behavior ::run [ RunTime:0.002385s ]
INFO: [ view_filter ] --END-- [ RunTime:0.009649s ]
INFO: [ view_end ] --START--
INFO: ShowPageTrace Behavior ::run [ RunTime:0.002865s ]
INFO: [ view_end ] --END-- [ RunTime:0.003084s ]

[ 2015-11-06T01:22:55+08:00 ] 127.0.0.1 /Oceanliao/index.php/Main/Eindex.html
INFO: [ route_check ] --START--
INFO: CheckRoute Behavior ::run [ RunTime:0.045452s ]
INFO: [ route_check ] --END-- [ RunTime:0.045740s ]
INFO: [ app_begin ] --START--
INFO: ReadHtmlCache Behavior ::run [ RunTime:0.003603s ]
INFO: [ app_begin ] --END-- [ RunTime:0.003913s ]
NOTIC: [8] Constant THEME_NAME already defined C:\wamp\www\Oceanliao\ThinkPHP\Lib\Core\View.class.php 第 223 行.
NOTIC: [8] Constant THEME_PATH already defined C:\wamp\www\Oceanliao\ThinkPHP\Lib\Core\View.class.php 第 174 行.
NOTIC: [8] Constant APP_TMPL_PATH already defined C:\wamp\www\Oceanliao\ThinkPHP\Lib\Core\View.class.php 第 175 行.
INFO: [ view_parse ] --START--
INFO: ParseTemplate Behavior ::run [ RunTime:0.056034s ]
INFO: [ view_parse ] --END-- [ RunTime:0.056285s ]
INFO: [ view_filter ] --START--
INFO: ContentReplace Behavior ::run [ RunTime:0.009719s ]
INFO: TokenBuild Behavior ::run [ RunTime:0.003361s ]
INFO: WriteHtmlCache Behavior ::run [ RunTime:0.002267s ]
INFO: ShowRuntime Behavior ::run [ RunTime:0.002776s ]
INFO: [ view_filter ] --END-- [ RunTime:0.018797s ]
INFO: [ view_end ] --START--
INFO: ShowPageTrace Behavior ::run [ RunTime:0.003243s ]
INFO: [ view_end ] --END-- [ RunTime:0.003462s ]

[ 2015-11-06T01:23:01+08:00 ] 127.0.0.1 /Oceanliao/index.php/Main/Eindex.html
INFO: [ route_check ] --START--
INFO: CheckRoute Behavior ::run [ RunTime:0.003923s ]
INFO: [ route_check ] --END-- [ RunTime:0.004233s ]
INFO: [ app_begin ] --START--
INFO: ReadHtmlCache Behavior ::run [ RunTime:0.002745s ]
INFO: [ app_begin ] --END-- [ RunTime:0.004115s ]
NOTIC: [8] Constant THEME_NAME already defined C:\wamp\www\Oceanliao\ThinkPHP\Lib\Core\View.class.php 第 223 行.
NOTIC: [8] Constant THEME_PATH already defined C:\wamp\www\Oceanliao\ThinkPHP\Lib\Core\View.class.php 第 174 行.
NOTIC: [8] Constant APP_TMPL_PATH already defined C:\wamp\www\Oceanliao\ThinkPHP\Lib\Core\View.class.php 第 175 行.
INFO: [ view_parse ] --START--
INFO: ParseTemplate Behavior ::run [ RunTime:0.053543s ]
INFO: [ view_parse ] --END-- [ RunTime:0.053819s ]
INFO: [ view_filter ] --START--
INFO: ContentReplace Behavior ::run [ RunTime:0.002597s ]
INFO: TokenBuild Behavior ::run [ RunTime:0.002400s ]
INFO: WriteHtmlCache Behavior ::run [ RunTime:0.001862s ]
INFO: ShowRuntime Behavior ::run [ RunTime:0.005522s ]
INFO: [ view_filter ] --END-- [ RunTime:0.013169s ]
INFO: [ view_end ] --START--
INFO: ShowPageTrace Behavior ::run [ RunTime:0.002950s ]
INFO: [ view_end ] --END-- [ RunTime:0.003170s ]

[ 2015-11-06T01:23:05+08:00 ] 127.0.0.1 /Oceanliao/index.php/Main/Eindex.html
INFO: [ route_check ] --START--
INFO: CheckRoute Behavior ::run [ RunTime:0.003487s ]
INFO: [ route_check ] --END-- [ RunTime:0.003761s ]
INFO: [ app_begin ] --START--
INFO: ReadHtmlCache Behavior ::run [ RunTime:0.002776s ]
INFO: [ app_begin ] --END-- [ RunTime:0.003017s ]
NOTIC: [8] Constant THEME_NAME already defined C:\wamp\www\Oceanliao\ThinkPHP\Lib\Core\View.class.php 第 223 行.
NOTIC: [8] Constant THEME_PATH already defined C:\wamp\www\Oceanliao\ThinkPHP\Lib\Core\View.class.php 第 174 行.
NOTIC: [8] Constant APP_TMPL_PATH already defined C:\wamp\www\Oceanliao\ThinkPHP\Lib\Core\View.class.php 第 175 行.
INFO: [ view_parse ] --START--
INFO: ParseTemplate Behavior ::run [ RunTime:0.030707s ]
INFO: [ view_parse ] --END-- [ RunTime:0.030960s ]
INFO: [ view_filter ] --START--
INFO: ContentReplace Behavior ::run [ RunTime:0.002200s ]
INFO: TokenBuild Behavior ::run [ RunTime:0.002173s ]
INFO: WriteHtmlCache Behavior ::run [ RunTime:0.002123s ]
INFO: ShowRuntime Behavior ::run [ RunTime:0.002421s ]
INFO: [ view_filter ] --END-- [ RunTime:0.009573s ]
INFO: [ view_end ] --START--
INFO: ShowPageTrace Behavior ::run [ RunTime:0.003600s ]
INFO: [ view_end ] --END-- [ RunTime:0.003823s ]

[ 2015-11-06T01:23:23+08:00 ] 127.0.0.1 /Oceanliao/index.php/Main/Eindex.html
INFO: [ route_check ] --START--
INFO: CheckRoute Behavior ::run [ RunTime:0.003390s ]
INFO: [ route_check ] --END-- [ RunTime:0.003672s ]
INFO: [ app_begin ] --START--
INFO: ReadHtmlCache Behavior ::run [ RunTime:0.002556s ]
INFO: [ app_begin ] --END-- [ RunTime:0.002787s ]
NOTIC: [8] Constant THEME_NAME already defined C:\wamp\www\Oceanliao\ThinkPHP\Lib\Core\View.class.php 第 223 行.
NOTIC: [8] Constant THEME_PATH already defined C:\wamp\www\Oceanliao\ThinkPHP\Lib\Core\View.class.php 第 174 行.
NOTIC: [8] Constant APP_TMPL_PATH already defined C:\wamp\www\Oceanliao\ThinkPHP\Lib\Core\View.class.php 第 175 行.
INFO: [ view_parse ] --START--
INFO: ParseTemplate Behavior ::run [ RunTime:0.033895s ]
INFO: [ view_parse ] --END-- [ RunTime:0.034160s ]
INFO: [ view_filter ] --START--
INFO: ContentReplace Behavior ::run [ RunTime:0.002296s ]
INFO: TokenBuild Behavior ::run [ RunTime:0.002225s ]
INFO: WriteHtmlCache Behavior ::run [ RunTime:0.001996s ]
INFO: ShowRuntime Behavior ::run [ RunTime:0.002828s ]
INFO: [ view_filter ] --END-- [ RunTime:0.010030s ]
INFO: [ view_end ] --START--
INFO: ShowPageTrace Behavior ::run [ RunTime:0.003288s ]
INFO: [ view_end ] --END-- [ RunTime:0.003519s ]

[ 2015-11-06T01:23:36+08:00 ] 127.0.0.1 /Oceanliao/index.php/Main/Eindex.html
INFO: [ route_check ] --START--
INFO: CheckRoute Behavior ::run [ RunTime:0.004340s ]
INFO: [ route_check ] --END-- [ RunTime:0.004647s ]
INFO: [ app_begin ] --START--
INFO: ReadHtmlCache Behavior ::run [ RunTime:0.003112s ]
INFO: [ app_begin ] --END-- [ RunTime:0.003473s ]
NOTIC: [8] Constant THEME_NAME already defined C:\wamp\www\Oceanliao\ThinkPHP\Lib\Core\View.class.php 第 223 行.
NOTIC: [8] Constant THEME_PATH already defined C:\wamp\www\Oceanliao\ThinkPHP\Lib\Core\View.class.php 第 174 行.
NOTIC: [8] Constant APP_TMPL_PATH already defined C:\wamp\www\Oceanliao\ThinkPHP\Lib\Core\View.class.php 第 175 行.
INFO: [ view_parse ] --START--
INFO: ParseTemplate Behavior ::run [ RunTime:0.036326s ]
INFO: [ view_parse ] --END-- [ RunTime:0.036633s ]
INFO: [ view_filter ] --START--
INFO: ContentReplace Behavior ::run [ RunTime:0.002633s ]
INFO: TokenBuild Behavior ::run [ RunTime:0.002589s ]
INFO: WriteHtmlCache Behavior ::run [ RunTime:0.002017s ]
INFO: ShowRuntime Behavior ::run [ RunTime:0.002864s ]
INFO: [ view_filter ] --END-- [ RunTime:0.010865s ]
INFO: [ view_end ] --START--
INFO: ShowPageTrace Behavior ::run [ RunTime:0.004166s ]
INFO: [ view_end ] --END-- [ RunTime:0.004412s ]

[ 2015-11-06T01:23:50+08:00 ] 127.0.0.1 /Oceanliao/index.php/Main/Eindex.html
INFO: [ route_check ] --START--
INFO: CheckRoute Behavior ::run [ RunTime:0.009141s ]
INFO: [ route_check ] --END-- [ RunTime:0.009567s ]
INFO: [ app_begin ] --START--
INFO: ReadHtmlCache Behavior ::run [ RunTime:0.003444s ]
INFO: [ app_begin ] --END-- [ RunTime:0.003852s ]
NOTIC: [8] Constant THEME_NAME already defined C:\wamp\www\Oceanliao\ThinkPHP\Lib\Core\View.class.php 第 223 行.
NOTIC: [8] Constant THEME_PATH already defined C:\wamp\www\Oceanliao\ThinkPHP\Lib\Core\View.class.php 第 174 行.
NOTIC: [8] Constant APP_TMPL_PATH already defined C:\wamp\www\Oceanliao\ThinkPHP\Lib\Core\View.class.php 第 175 行.
INFO: [ view_parse ] --START--
INFO: ParseTemplate Behavior ::run [ RunTime:0.068838s ]
INFO: [ view_parse ] --END-- [ RunTime:0.069099s ]
INFO: [ view_filter ] --START--
INFO: ContentReplace Behavior ::run [ RunTime:0.003205s ]
INFO: TokenBuild Behavior ::run [ RunTime:0.002759s ]
INFO: WriteHtmlCache Behavior ::run [ RunTime:0.002310s ]
INFO: ShowRuntime Behavior ::run [ RunTime:0.003063s ]
INFO: [ view_filter ] --END-- [ RunTime:0.012020s ]
INFO: [ view_end ] --START--
INFO: ShowPageTrace Behavior ::run [ RunTime:0.003393s ]
INFO: [ view_end ] --END-- [ RunTime:0.003620s ]

[ 2015-11-06T01:24:04+08:00 ] 127.0.0.1 /Oceanliao/index.php/Main/Eindex.html
INFO: [ route_check ] --START--
INFO: CheckRoute Behavior ::run [ RunTime:0.003426s ]
INFO: [ route_check ] --END-- [ RunTime:0.003703s ]
INFO: [ app_begin ] --START--
INFO: ReadHtmlCache Behavior ::run [ RunTime:0.002736s ]
INFO: [ app_begin ] --END-- [ RunTime:0.002989s ]
NOTIC: [8] Constant THEME_NAME already defined C:\wamp\www\Oceanliao\ThinkPHP\Lib\Core\View.class.php 第 223 行.
NOTIC: [8] Constant THEME_PATH already defined C:\wamp\www\Oceanliao\ThinkPHP\Lib\Core\View.class.php 第 174 行.
NOTIC: [8] Constant APP_TMPL_PATH already defined C:\wamp\www\Oceanliao\ThinkPHP\Lib\Core\View.class.php 第 175 行.
INFO: [ view_parse ] --START--
INFO: ParseTemplate Behavior ::run [ RunTime:0.031213s ]
INFO: [ view_parse ] --END-- [ RunTime:0.031484s ]
INFO: [ view_filter ] --START--
INFO: ContentReplace Behavior ::run [ RunTime:0.002520s ]
INFO: TokenBuild Behavior ::run [ RunTime:0.002463s ]
INFO: WriteHtmlCache Behavior ::run [ RunTime:0.001968s ]
INFO: ShowRuntime Behavior ::run [ RunTime:0.002785s ]
INFO: [ view_filter ] --END-- [ RunTime:0.010422s ]
INFO: [ view_end ] --START--
INFO: ShowPageTrace Behavior ::run [ RunTime:0.002948s ]
INFO: [ view_end ] --END-- [ RunTime:0.003165s ]

[ 2015-11-06T01:24:16+08:00 ] 127.0.0.1 /Oceanliao/index.php/Main/Eindex.html
INFO: [ route_check ] --START--
INFO: CheckRoute Behavior ::run [ RunTime:0.003470s ]
INFO: [ route_check ] --END-- [ RunTime:0.003752s ]
INFO: [ app_begin ] --START--
INFO: ReadHtmlCache Behavior ::run [ RunTime:0.002623s ]
INFO: [ app_begin ] --END-- [ RunTime:0.002870s ]
NOTIC: [8] Constant THEME_NAME already defined C:\wamp\www\Oceanliao\ThinkPHP\Lib\Core\View.class.php 第 223 行.
NOTIC: [8] Constant THEME_PATH already defined C:\wamp\www\Oceanliao\ThinkPHP\Lib\Core\View.class.php 第 174 行.
NOTIC: [8] Constant APP_TMPL_PATH already defined C:\wamp\www\Oceanliao\ThinkPHP\Lib\Core\View.class.php 第 175 行.
INFO: [ view_parse ] --START--
INFO: ParseTemplate Behavior ::run [ RunTime:0.030920s ]
INFO: [ view_parse ] --END-- [ RunTime:0.031180s ]
INFO: [ view_filter ] --START--
INFO: ContentReplace Behavior ::run [ RunTime:0.002306s ]
INFO: TokenBuild Behavior ::run [ RunTime:0.002205s ]
INFO: WriteHtmlCache Behavior ::run [ RunTime:0.001843s ]
INFO: ShowRuntime Behavior ::run [ RunTime:0.002403s ]
INFO: [ view_filter ] --END-- [ RunTime:0.009874s ]
INFO: [ view_end ] --START--
INFO: ShowPageTrace Behavior ::run [ RunTime:0.002981s ]
INFO: [ view_end ] --END-- [ RunTime:0.003202s ]

[ 2015-11-06T01:26:04+08:00 ] 127.0.0.1 /Oceanliao/index.php/Main/Eindex.html
INFO: [ route_check ] --START--
INFO: CheckRoute Behavior ::run [ RunTime:0.005651s ]
INFO: [ route_check ] --END-- [ RunTime:0.006119s ]
INFO: [ app_begin ] --START--
INFO: ReadHtmlCache Behavior ::run [ RunTime:0.002908s ]
INFO: [ app_begin ] --END-- [ RunTime:0.003154s ]
NOTIC: [8] Constant THEME_NAME already defined C:\wamp\www\Oceanliao\ThinkPHP\Lib\Core\View.class.php 第 223 行.
NOTIC: [8] Constant THEME_PATH already defined C:\wamp\www\Oceanliao\ThinkPHP\Lib\Core\View.class.php 第 174 行.
NOTIC: [8] Constant APP_TMPL_PATH already defined C:\wamp\www\Oceanliao\ThinkPHP\Lib\Core\View.class.php 第 175 行.
INFO: [ view_parse ] --START--
INFO: ParseTemplate Behavior ::run [ RunTime:0.036444s ]
INFO: [ view_parse ] --END-- [ RunTime:0.036700s ]
INFO: [ view_filter ] --START--
INFO: ContentReplace Behavior ::run [ RunTime:0.002674s ]
INFO: TokenBuild Behavior ::run [ RunTime:0.002586s ]
INFO: WriteHtmlCache Behavior ::run [ RunTime:0.003731s ]
INFO: ShowRuntime Behavior ::run [ RunTime:0.002771s ]
INFO: [ view_filter ] --END-- [ RunTime:0.012733s ]
INFO: [ view_end ] --START--
INFO: ShowPageTrace Behavior ::run [ RunTime:0.003224s ]
INFO: [ view_end ] --END-- [ RunTime:0.003439s ]

[ 2015-11-06T01:26:30+08:00 ] 127.0.0.1 /Oceanliao/index.php/Main/Eindex.html
INFO: [ route_check ] --START--
INFO: CheckRoute Behavior ::run [ RunTime:0.003946s ]
INFO: [ route_check ] --END-- [ RunTime:0.004227s ]
INFO: [ app_begin ] --START--
INFO: ReadHtmlCache Behavior ::run [ RunTime:0.002514s ]
INFO: [ app_begin ] --END-- [ RunTime:0.002748s ]
NOTIC: [8] Constant THEME_NAME already defined C:\wamp\www\Oceanliao\ThinkPHP\Lib\Core\View.class.php 第 223 行.
NOTIC: [8] Constant THEME_PATH already defined C:\wamp\www\Oceanliao\ThinkPHP\Lib\Core\View.class.php 第 174 行.
NOTIC: [8] Constant APP_TMPL_PATH already defined C:\wamp\www\Oceanliao\ThinkPHP\Lib\Core\View.class.php 第 175 行.
INFO: [ view_parse ] --START--
INFO: ParseTemplate Behavior ::run [ RunTime:0.033115s ]
INFO: [ view_parse ] --END-- [ RunTime:0.033370s ]
INFO: [ view_filter ] --START--
INFO: ContentReplace Behavior ::run [ RunTime:0.003393s ]
INFO: TokenBuild Behavior ::run [ RunTime:0.003011s ]
INFO: WriteHtmlCache Behavior ::run [ RunTime:0.002170s ]
INFO: ShowRuntime Behavior ::run [ RunTime:0.002368s ]
INFO: [ view_filter ] --END-- [ RunTime:0.011615s ]
INFO: [ view_end ] --START--
INFO: ShowPageTrace Behavior ::run [ RunTime:0.002826s ]
INFO: [ view_end ] --END-- [ RunTime:0.003037s ]

[ 2015-11-06T01:26:44+08:00 ] 127.0.0.1 /Oceanliao/index.php/Main/Eindex.html
INFO: [ route_check ] --START--
INFO: CheckRoute Behavior ::run [ RunTime:0.006731s ]
INFO: [ route_check ] --END-- [ RunTime:0.007348s ]
INFO: [ app_begin ] --START--
INFO: ReadHtmlCache Behavior ::run [ RunTime:0.006338s ]
INFO: [ app_begin ] --END-- [ RunTime:0.006737s ]
NOTIC: [8] Constant THEME_NAME already defined C:\wamp\www\Oceanliao\ThinkPHP\Lib\Core\View.class.php 第 223 行.
NOTIC: [8] Constant THEME_PATH already defined C:\wamp\www\Oceanliao\ThinkPHP\Lib\Core\View.class.php 第 174 行.
NOTIC: [8] Constant APP_TMPL_PATH already defined C:\wamp\www\Oceanliao\ThinkPHP\Lib\Core\View.class.php 第 175 行.
INFO: [ view_parse ] --START--
INFO: ParseTemplate Behavior ::run [ RunTime:0.036952s ]
INFO: [ view_parse ] --END-- [ RunTime:0.037212s ]
INFO: [ view_filter ] --START--
INFO: ContentReplace Behavior ::run [ RunTime:0.003005s ]
INFO: TokenBuild Behavior ::run [ RunTime:0.002647s ]
INFO: WriteHtmlCache Behavior ::run [ RunTime:0.002245s ]
INFO: ShowRuntime Behavior ::run [ RunTime:0.003371s ]
INFO: [ view_filter ] --END-- [ RunTime:0.011941s ]
INFO: [ view_end ] --START--
INFO: ShowPageTrace Behavior ::run [ RunTime:0.003265s ]
INFO: [ view_end ] --END-- [ RunTime:0.003483s ]

[ 2015-11-06T01:26:53+08:00 ] 127.0.0.1 /Oceanliao/index.php/Main/Eindex.html
INFO: [ route_check ] --START--
INFO: CheckRoute Behavior ::run [ RunTime:0.003965s ]
INFO: [ route_check ] --END-- [ RunTime:0.004248s ]
INFO: [ app_begin ] --START--
INFO: ReadHtmlCache Behavior ::run [ RunTime:0.002565s ]
INFO: [ app_begin ] --END-- [ RunTime:0.002795s ]
NOTIC: [8] Constant THEME_NAME already defined C:\wamp\www\Oceanliao\ThinkPHP\Lib\Core\View.class.php 第 223 行.
NOTIC: [8] Constant THEME_PATH already defined C:\wamp\www\Oceanliao\ThinkPHP\Lib\Core\View.class.php 第 174 行.
NOTIC: [8] Constant APP_TMPL_PATH already defined C:\wamp\www\Oceanliao\ThinkPHP\Lib\Core\View.class.php 第 175 行.
INFO: [ view_parse ] --START--
INFO: ParseTemplate Behavior ::run [ RunTime:0.031056s ]
INFO: [ view_parse ] --END-- [ RunTime:0.031315s ]
INFO: [ view_filter ] --START--
INFO: ContentReplace Behavior ::run [ RunTime:0.003308s ]
INFO: TokenBuild Behavior ::run [ RunTime:0.002863s ]
INFO: WriteHtmlCache Behavior ::run [ RunTime:0.004754s ]
INFO: ShowRuntime Behavior ::run [ RunTime:0.002209s ]
INFO: [ view_filter ] --END-- [ RunTime:0.013857s ]
INFO: [ view_end ] --START--
INFO: ShowPageTrace Behavior ::run [ RunTime:0.002590s ]
INFO: [ view_end ] --END-- [ RunTime:0.002807s ]

[ 2015-11-06T01:27:06+08:00 ] 127.0.0.1 /Oceanliao/index.php/Main/Eindex.html
INFO: [ route_check ] --START--
INFO: CheckRoute Behavior ::run [ RunTime:0.004476s ]
INFO: [ route_check ] --END-- [ RunTime:0.004799s ]
INFO: [ app_begin ] --START--
INFO: ReadHtmlCache Behavior ::run [ RunTime:0.002759s ]
INFO: [ app_begin ] --END-- [ RunTime:0.003092s ]
NOTIC: [8] Constant THEME_NAME already defined C:\wamp\www\Oceanliao\ThinkPHP\Lib\Core\View.class.php 第 223 行.
NOTIC: [8] Constant THEME_PATH already defined C:\wamp\www\Oceanliao\ThinkPHP\Lib\Core\View.class.php 第 174 行.
NOTIC: [8] Constant APP_TMPL_PATH already defined C:\wamp\www\Oceanliao\ThinkPHP\Lib\Core\View.class.php 第 175 行.
INFO: [ view_parse ] --START--
INFO: ParseTemplate Behavior ::run [ RunTime:0.034610s ]
INFO: [ view_parse ] --END-- [ RunTime:0.034910s ]
INFO: [ view_filter ] --START--
INFO: ContentReplace Behavior ::run [ RunTime:0.002754s ]
INFO: TokenBuild Behavior ::run [ RunTime:0.001961s ]
INFO: WriteHtmlCache Behavior ::run [ RunTime:0.001559s ]
INFO: ShowRuntime Behavior ::run [ RunTime:0.003544s ]
INFO: [ view_filter ] --END-- [ RunTime:0.010497s ]
INFO: [ view_end ] --START--
INFO: ShowPageTrace Behavior ::run [ RunTime:0.002623s ]
INFO: [ view_end ] --END-- [ RunTime:0.002843s ]

[ 2015-11-06T01:27:19+08:00 ] 127.0.0.1 /Oceanliao/index.php/Main/Eindex.html
INFO: [ route_check ] --START--
INFO: CheckRoute Behavior ::run [ RunTime:0.004556s ]
INFO: [ route_check ] --END-- [ RunTime:0.004832s ]
INFO: [ app_begin ] --START--
INFO: ReadHtmlCache Behavior ::run [ RunTime:0.002303s ]
INFO: [ app_begin ] --END-- [ RunTime:0.002536s ]
NOTIC: [8] Constant THEME_NAME already defined C:\wamp\www\Oceanliao\ThinkPHP\Lib\Core\View.class.php 第 223 行.
NOTIC: [8] Constant THEME_PATH already defined C:\wamp\www\Oceanliao\ThinkPHP\Lib\Core\View.class.php 第 174 行.
NOTIC: [8] Constant APP_TMPL_PATH already defined C:\wamp\www\Oceanliao\ThinkPHP\Lib\Core\View.class.php 第 175 行.
INFO: [ view_parse ] --START--
INFO: ParseTemplate Behavior ::run [ RunTime:0.041257s ]
INFO: [ view_parse ] --END-- [ RunTime:0.041521s ]
INFO: [ view_filter ] --START--
INFO: ContentReplace Behavior ::run [ RunTime:0.002394s ]
INFO: TokenBuild Behavior ::run [ RunTime:0.002190s ]
INFO: WriteHtmlCache Behavior ::run [ RunTime:0.001654s ]
INFO: ShowRuntime Behavior ::run [ RunTime:0.002173s ]
INFO: [ view_filter ] --END-- [ RunTime:0.009106s ]
INFO: [ view_end ] --START--
INFO: ShowPageTrace Behavior ::run [ RunTime:0.004153s ]
INFO: [ view_end ] --END-- [ RunTime:0.004382s ]

[ 2015-11-06T01:27:52+08:00 ] 127.0.0.1 /Oceanliao/index.php/Main/Eindex.html
INFO: [ route_check ] --START--
INFO: CheckRoute Behavior ::run [ RunTime:0.005339s ]
INFO: [ route_check ] --END-- [ RunTime:0.005627s ]
INFO: [ app_begin ] --START--
INFO: ReadHtmlCache Behavior ::run [ RunTime:0.002310s ]
INFO: [ app_begin ] --END-- [ RunTime:0.002543s ]
NOTIC: [8] Constant THEME_NAME already defined C:\wamp\www\Oceanliao\ThinkPHP\Lib\Core\View.class.php 第 223 行.
NOTIC: [8] Constant THEME_PATH already defined C:\wamp\www\Oceanliao\ThinkPHP\Lib\Core\View.class.php 第 174 行.
NOTIC: [8] Constant APP_TMPL_PATH already defined C:\wamp\www\Oceanliao\ThinkPHP\Lib\Core\View.class.php 第 175 行.
INFO: [ view_parse ] --START--
INFO: ParseTemplate Behavior ::run [ RunTime:0.032222s ]
INFO: [ view_parse ] --END-- [ RunTime:0.032484s ]
INFO: [ view_filter ] --START--
INFO: ContentReplace Behavior ::run [ RunTime:0.002567s ]
INFO: TokenBuild Behavior ::run [ RunTime:0.002047s ]
INFO: WriteHtmlCache Behavior ::run [ RunTime:0.001605s ]
INFO: ShowRuntime Behavior ::run [ RunTime:0.002148s ]
INFO: [ view_filter ] --END-- [ RunTime:0.009040s ]
INFO: [ view_end ] --START--
INFO: ShowPageTrace Behavior ::run [ RunTime:0.002636s ]
INFO: [ view_end ] --END-- [ RunTime:0.002852s ]

[ 2015-11-06T01:29:01+08:00 ] 127.0.0.1 /Oceanliao/index.php/Main/Eindex.html
INFO: [ route_check ] --START--
INFO: CheckRoute Behavior ::run [ RunTime:0.004230s ]
INFO: [ route_check ] --END-- [ RunTime:0.004507s ]
INFO: [ app_begin ] --START--
INFO: ReadHtmlCache Behavior ::run [ RunTime:0.002741s ]
INFO: [ app_begin ] --END-- [ RunTime:0.002999s ]
NOTIC: [8] Constant THEME_NAME already defined C:\wamp\www\Oceanliao\ThinkPHP\Lib\Core\View.class.php 第 223 行.
NOTIC: [8] Constant THEME_PATH already defined C:\wamp\www\Oceanliao\ThinkPHP\Lib\Core\View.class.php 第 174 行.
NOTIC: [8] Constant APP_TMPL_PATH already defined C:\wamp\www\Oceanliao\ThinkPHP\Lib\Core\View.class.php 第 175 行.
INFO: [ view_parse ] --START--
INFO: ParseTemplate Behavior ::run [ RunTime:0.037787s ]
INFO: [ view_parse ] --END-- [ RunTime:0.038099s ]
INFO: [ view_filter ] --START--
INFO: ContentReplace Behavior ::run [ RunTime:0.002907s ]
INFO: TokenBuild Behavior ::run [ RunTime:0.003991s ]
INFO: WriteHtmlCache Behavior ::run [ RunTime:0.002139s ]
INFO: ShowRuntime Behavior ::run [ RunTime:0.002586s ]
INFO: [ view_filter ] --END-- [ RunTime:0.012350s ]
INFO: [ view_end ] --START--
INFO: ShowPageTrace Behavior ::run [ RunTime:0.004151s ]
INFO: [ view_end ] --END-- [ RunTime:0.004403s ]

[ 2015-11-06T01:29:04+08:00 ] 127.0.0.1 /Oceanliao/index.php/Main/Eindex.html
INFO: [ route_check ] --START--
INFO: CheckRoute Behavior ::run [ RunTime:0.004150s ]
INFO: [ route_check ] --END-- [ RunTime:0.004432s ]
INFO: [ app_begin ] --START--
INFO: ReadHtmlCache Behavior ::run [ RunTime:0.003209s ]
INFO: [ app_begin ] --END-- [ RunTime:0.003476s ]
NOTIC: [8] Constant THEME_NAME already defined C:\wamp\www\Oceanliao\ThinkPHP\Lib\Core\View.class.php 第 223 行.
NOTIC: [8] Constant THEME_PATH already defined C:\wamp\www\Oceanliao\ThinkPHP\Lib\Core\View.class.php 第 174 行.
NOTIC: [8] Constant APP_TMPL_PATH already defined C:\wamp\www\Oceanliao\ThinkPHP\Lib\Core\View.class.php 第 175 行.
INFO: [ view_parse ] --START--
INFO: ParseTemplate Behavior ::run [ RunTime:0.051493s ]
INFO: [ view_parse ] --END-- [ RunTime:0.051758s ]
INFO: [ view_filter ] --START--
INFO: ContentReplace Behavior ::run [ RunTime:0.002507s ]
INFO: TokenBuild Behavior ::run [ RunTime:0.002757s ]
INFO: WriteHtmlCache Behavior ::run [ RunTime:0.002036s ]
INFO: ShowRuntime Behavior ::run [ RunTime:0.002573s ]
INFO: [ view_filter ] --END-- [ RunTime:0.010551s ]
INFO: [ view_end ] --START--
INFO: ShowPageTrace Behavior ::run [ RunTime:0.003048s ]
INFO: [ view_end ] --END-- [ RunTime:0.003265s ]

[ 2015-11-06T01:29:16+08:00 ] 127.0.0.1 /Oceanliao/index.php/Main/Eindex.html
INFO: [ route_check ] --START--
INFO: CheckRoute Behavior ::run [ RunTime:0.004407s ]
INFO: [ route_check ] --END-- [ RunTime:0.004695s ]
INFO: [ app_begin ] --START--
INFO: ReadHtmlCache Behavior ::run [ RunTime:0.002636s ]
INFO: [ app_begin ] --END-- [ RunTime:0.002977s ]
NOTIC: [8] Constant THEME_NAME already defined C:\wamp\www\Oceanliao\ThinkPHP\Lib\Core\View.class.php 第 223 行.
NOTIC: [8] Constant THEME_PATH already defined C:\wamp\www\Oceanliao\ThinkPHP\Lib\Core\View.class.php 第 174 行.
NOTIC: [8] Constant APP_TMPL_PATH already defined C:\wamp\www\Oceanliao\ThinkPHP\Lib\Core\View.class.php 第 175 行.
INFO: [ view_parse ] --START--
INFO: ParseTemplate Behavior ::run [ RunTime:0.034653s ]
INFO: [ view_parse ] --END-- [ RunTime:0.035048s ]
INFO: [ view_filter ] --START--
INFO: ContentReplace Behavior ::run [ RunTime:0.002692s ]
INFO: TokenBuild Behavior ::run [ RunTime:0.002516s ]
INFO: WriteHtmlCache Behavior ::run [ RunTime:0.002303s ]
INFO: ShowRuntime Behavior ::run [ RunTime:0.002697s ]
INFO: [ view_filter ] --END-- [ RunTime:0.010879s ]
INFO: [ view_end ] --START--
INFO: ShowPageTrace Behavior ::run [ RunTime:0.003757s ]
INFO: [ view_end ] --END-- [ RunTime:0.003988s ]

[ 2015-11-06T01:29:34+08:00 ] 127.0.0.1 /Oceanliao/index.php/Main/Eindex.html
INFO: [ route_check ] --START--
INFO: CheckRoute Behavior ::run [ RunTime:0.004122s ]
INFO: [ route_check ] --END-- [ RunTime:0.004399s ]
INFO: [ app_begin ] --START--
INFO: ReadHtmlCache Behavior ::run [ RunTime:0.002916s ]
INFO: [ app_begin ] --END-- [ RunTime:0.003163s ]
NOTIC: [8] Constant THEME_NAME already defined C:\wamp\www\Oceanliao\ThinkPHP\Lib\Core\View.class.php 第 223 行.
NOTIC: [8] Constant THEME_PATH already defined C:\wamp\www\Oceanliao\ThinkPHP\Lib\Core\View.class.php 第 174 行.
NOTIC: [8] Constant APP_TMPL_PATH already defined C:\wamp\www\Oceanliao\ThinkPHP\Lib\Core\View.class.php 第 175 行.
INFO: [ view_parse ] --START--
INFO: ParseTemplate Behavior ::run [ RunTime:0.054645s ]
INFO: [ view_parse ] --END-- [ RunTime:0.055407s ]
INFO: [ view_filter ] --START--
INFO: ContentReplace Behavior ::run [ RunTime:0.002660s ]
INFO: TokenBuild Behavior ::run [ RunTime:0.002824s ]
INFO: WriteHtmlCache Behavior ::run [ RunTime:0.002079s ]
INFO: ShowRuntime Behavior ::run [ RunTime:0.002564s ]
INFO: [ view_filter ] --END-- [ RunTime:0.010867s ]
INFO: [ view_end ] --START--
INFO: ShowPageTrace Behavior ::run [ RunTime:0.003806s ]
INFO: [ view_end ] --END-- [ RunTime:0.004027s ]

[ 2015-11-06T01:29:38+08:00 ] 127.0.0.1 /Oceanliao/index.php/Main/Eindex.html
INFO: [ route_check ] --START--
INFO: CheckRoute Behavior ::run [ RunTime:0.007658s ]
INFO: [ route_check ] --END-- [ RunTime:0.007950s ]
INFO: [ app_begin ] --START--
INFO: ReadHtmlCache Behavior ::run [ RunTime:0.003041s ]
INFO: [ app_begin ] --END-- [ RunTime:0.003317s ]
NOTIC: [8] Constant THEME_NAME already defined C:\wamp\www\Oceanliao\ThinkPHP\Lib\Core\View.class.php 第 223 行.
NOTIC: [8] Constant THEME_PATH already defined C:\wamp\www\Oceanliao\ThinkPHP\Lib\Core\View.class.php 第 174 行.
NOTIC: [8] Constant APP_TMPL_PATH already defined C:\wamp\www\Oceanliao\ThinkPHP\Lib\Core\View.class.php 第 175 行.
INFO: [ view_parse ] --START--
INFO: ParseTemplate Behavior ::run [ RunTime:0.051216s ]
INFO: [ view_parse ] --END-- [ RunTime:0.051483s ]
INFO: [ view_filter ] --START--
INFO: ContentReplace Behavior ::run [ RunTime:0.002514s ]
INFO: TokenBuild Behavior ::run [ RunTime:0.002529s ]
INFO: WriteHtmlCache Behavior ::run [ RunTime:0.002349s ]
INFO: ShowRuntime Behavior ::run [ RunTime:0.002586s ]
INFO: [ view_filter ] --END-- [ RunTime:0.010792s ]
INFO: [ view_end ] --START--
INFO: ShowPageTrace Behavior ::run [ RunTime:0.003065s ]
INFO: [ view_end ] --END-- [ RunTime:0.003288s ]

[ 2015-11-06T01:29:41+08:00 ] 127.0.0.1 /Oceanliao/index.php/Main/Eindex.html
INFO: [ route_check ] --START--
INFO: CheckRoute Behavior ::run [ RunTime:0.003205s ]
INFO: [ route_check ] --END-- [ RunTime:0.003510s ]
INFO: [ app_begin ] --START--
INFO: ReadHtmlCache Behavior ::run [ RunTime:0.002569s ]
INFO: [ app_begin ] --END-- [ RunTime:0.002839s ]
NOTIC: [8] Constant THEME_NAME already defined C:\wamp\www\Oceanliao\ThinkPHP\Lib\Core\View.class.php 第 223 行.
NOTIC: [8] Constant THEME_PATH already defined C:\wamp\www\Oceanliao\ThinkPHP\Lib\Core\View.class.php 第 174 行.
NOTIC: [8] Constant APP_TMPL_PATH already defined C:\wamp\www\Oceanliao\ThinkPHP\Lib\Core\View.class.php 第 175 行.
INFO: [ view_parse ] --START--
INFO: ParseTemplate Behavior ::run [ RunTime:0.035253s ]
INFO: [ view_parse ] --END-- [ RunTime:0.035580s ]
INFO: [ view_filter ] --START--
INFO: ContentReplace Behavior ::run [ RunTime:0.002418s ]
INFO: TokenBuild Behavior ::run [ RunTime:0.002103s ]
INFO: WriteHtmlCache Behavior ::run [ RunTime:0.001607s ]
INFO: ShowRuntime Behavior ::run [ RunTime:0.002398s ]
INFO: [ view_filter ] --END-- [ RunTime:0.010330s ]
INFO: [ view_end ] --START--
INFO: ShowPageTrace Behavior ::run [ RunTime:0.002730s ]
INFO: [ view_end ] --END-- [ RunTime:0.002948s ]

[ 2015-11-06T01:31:52+08:00 ] 127.0.0.1 /Oceanliao/index.php/Main/Eindex.html
INFO: [ route_check ] --START--
INFO: CheckRoute Behavior ::run [ RunTime:0.004998s ]
INFO: [ route_check ] --END-- [ RunTime:0.005292s ]
INFO: [ app_begin ] --START--
INFO: ReadHtmlCache Behavior ::run [ RunTime:0.004180s ]
INFO: [ app_begin ] --END-- [ RunTime:0.004445s ]
NOTIC: [8] Constant THEME_NAME already defined C:\wamp\www\Oceanliao\ThinkPHP\Lib\Core\View.class.php 第 223 行.
NOTIC: [8] Constant THEME_PATH already defined C:\wamp\www\Oceanliao\ThinkPHP\Lib\Core\View.class.php 第 174 行.
NOTIC: [8] Constant APP_TMPL_PATH already defined C:\wamp\www\Oceanliao\ThinkPHP\Lib\Core\View.class.php 第 175 行.
INFO: [ view_parse ] --START--
INFO: ParseTemplate Behavior ::run [ RunTime:0.035027s ]
INFO: [ view_parse ] --END-- [ RunTime:0.035306s ]
INFO: [ view_filter ] --START--
INFO: ContentReplace Behavior ::run [ RunTime:0.003093s ]
INFO: TokenBuild Behavior ::run [ RunTime:0.002470s ]
INFO: WriteHtmlCache Behavior ::run [ RunTime:0.003042s ]
INFO: ShowRuntime Behavior ::run [ RunTime:0.002602s ]
INFO: [ view_filter ] --END-- [ RunTime:0.012234s ]
INFO: [ view_end ] --START--
INFO: ShowPageTrace Behavior ::run [ RunTime:0.003202s ]
INFO: [ view_end ] --END-- [ RunTime:0.003426s ]

[ 2015-11-06T01:32:06+08:00 ] 127.0.0.1 /Oceanliao/index.php/Main/Eindex.html
INFO: [ route_check ] --START--
INFO: CheckRoute Behavior ::run [ RunTime:0.003933s ]
INFO: [ route_check ] --END-- [ RunTime:0.004238s ]
INFO: [ app_begin ] --START--
INFO: ReadHtmlCache Behavior ::run [ RunTime:0.007101s ]
INFO: [ app_begin ] --END-- [ RunTime:0.007351s ]
NOTIC: [8] Constant THEME_NAME already defined C:\wamp\www\Oceanliao\ThinkPHP\Lib\Core\View.class.php 第 223 行.
NOTIC: [8] Constant THEME_PATH already defined C:\wamp\www\Oceanliao\ThinkPHP\Lib\Core\View.class.php 第 174 行.
NOTIC: [8] Constant APP_TMPL_PATH already defined C:\wamp\www\Oceanliao\ThinkPHP\Lib\Core\View.class.php 第 175 行.
INFO: [ view_parse ] --START--
INFO: ParseTemplate Behavior ::run [ RunTime:0.053733s ]
INFO: [ view_parse ] --END-- [ RunTime:0.053994s ]
INFO: [ view_filter ] --START--
INFO: ContentReplace Behavior ::run [ RunTime:0.002280s ]
INFO: TokenBuild Behavior ::run [ RunTime:0.008481s ]
INFO: WriteHtmlCache Behavior ::run [ RunTime:0.001696s ]
INFO: ShowRuntime Behavior ::run [ RunTime:0.004761s ]
INFO: [ view_filter ] --END-- [ RunTime:0.018427s ]
INFO: [ view_end ] --START--
INFO: ShowPageTrace Behavior ::run [ RunTime:0.003144s ]
INFO: [ view_end ] --END-- [ RunTime:0.003373s ]

[ 2015-11-06T01:45:38+08:00 ] 127.0.0.1 /Oceanliao/index.php/Main/Eindex.html
INFO: [ route_check ] --START--
INFO: CheckRoute Behavior ::run [ RunTime:0.004207s ]
INFO: [ route_check ] --END-- [ RunTime:0.004640s ]
INFO: [ app_begin ] --START--
INFO: ReadHtmlCache Behavior ::run [ RunTime:0.002715s ]
INFO: [ app_begin ] --END-- [ RunTime:0.002986s ]
NOTIC: [8] Constant THEME_NAME already defined C:\wamp\www\Oceanliao\ThinkPHP\Lib\Core\View.class.php 第 223 行.
NOTIC: [8] Constant THEME_PATH already defined C:\wamp\www\Oceanliao\ThinkPHP\Lib\Core\View.class.php 第 174 行.
NOTIC: [8] Constant APP_TMPL_PATH already defined C:\wamp\www\Oceanliao\ThinkPHP\Lib\Core\View.class.php 第 175 行.
INFO: [ view_parse ] --START--
INFO: ParseTemplate Behavior ::run [ RunTime:0.051595s ]
INFO: [ view_parse ] --END-- [ RunTime:0.051846s ]
INFO: [ view_filter ] --START--
INFO: ContentReplace Behavior ::run [ RunTime:0.002288s ]
INFO: TokenBuild Behavior ::run [ RunTime:0.002273s ]
INFO: WriteHtmlCache Behavior ::run [ RunTime:0.001883s ]
INFO: ShowRuntime Behavior ::run [ RunTime:0.002476s ]
INFO: [ view_filter ] --END-- [ RunTime:0.009707s ]
INFO: [ view_end ] --START--
INFO: ShowPageTrace Behavior ::run [ RunTime:0.003169s ]
INFO: [ view_end ] --END-- [ RunTime:0.003409s ]

[ 2015-11-06T01:45:44+08:00 ] 127.0.0.1 /Oceanliao/index.php/Main/Eindex.html
INFO: [ route_check ] --START--
INFO: CheckRoute Behavior ::run [ RunTime:0.003968s ]
INFO: [ route_check ] --END-- [ RunTime:0.004324s ]
INFO: [ app_begin ] --START--
INFO: ReadHtmlCache Behavior ::run [ RunTime:0.003004s ]
INFO: [ app_begin ] --END-- [ RunTime:0.003259s ]
NOTIC: [8] Constant THEME_NAME already defined C:\wamp\www\Oceanliao\ThinkPHP\Lib\Core\View.class.php 第 223 行.
NOTIC: [8] Constant THEME_PATH already defined C:\wamp\www\Oceanliao\ThinkPHP\Lib\Core\View.class.php 第 174 行.
NOTIC: [8] Constant APP_TMPL_PATH already defined C:\wamp\www\Oceanliao\ThinkPHP\Lib\Core\View.class.php 第 175 行.
INFO: [ view_parse ] --START--
INFO: ParseTemplate Behavior ::run [ RunTime:0.029380s ]
INFO: [ view_parse ] --END-- [ RunTime:0.029681s ]
INFO: [ view_filter ] --START--
INFO: ContentReplace Behavior ::run [ RunTime:0.002371s ]
INFO: TokenBuild Behavior ::run [ RunTime:0.002257s ]
INFO: WriteHtmlCache Behavior ::run [ RunTime:0.001976s ]
INFO: ShowRuntime Behavior ::run [ RunTime:0.002488s ]
INFO: [ view_filter ] --END-- [ RunTime:0.009809s ]
INFO: [ view_end ] --START--
INFO: ShowPageTrace Behavior ::run [ RunTime:0.003290s ]
INFO: [ view_end ] --END-- [ RunTime:0.003514s ]

