[ 2015-12-07T14:22:49+08:00 ] 127.0.0.1 /oceanliao/
INFO: [ app_begin ] --START--
INFO: ReadHtmlCache Behavior ::run [ RunTime:0.001885s ]
INFO: [ app_begin ] --END-- [ RunTime:0.001981s ]

[ 2015-12-07T14:22:49+08:00 ] 127.0.0.1 /oceanliao/index.php/Main/Eindex.html
INFO: [ route_check ] --START--
INFO: CheckRoute Behavior ::run [ RunTime:0.002931s ]
INFO: [ route_check ] --END-- [ RunTime:0.003038s ]
INFO: [ app_begin ] --START--
INFO: ReadHtmlCache Behavior ::run [ RunTime:0.000694s ]
INFO: [ app_begin ] --END-- [ RunTime:0.000770s ]
SQL: SHOW COLUMNS FROM `ocean_message` [ RunTime:0.010639s ]
SQL: SELECT * FROM `ocean_message` ORDER BY id DESC  [ RunTime:0.015095s ]
INFO: [ view_parse ] --START--
INFO: ParseTemplate Behavior ::run [ RunTime:0.025906s ]
INFO: [ view_parse ] --END-- [ RunTime:0.026024s ]
INFO: [ view_filter ] --START--
INFO: ContentReplace Behavior ::run [ RunTime:0.001254s ]
INFO: TokenBuild Behavior ::run [ RunTime:0.001044s ]
INFO: WriteHtmlCache Behavior ::run [ RunTime:0.000858s ]
INFO: ShowRuntime Behavior ::run [ RunTime:0.001243s ]
INFO: [ view_filter ] --END-- [ RunTime:0.004600s ]
INFO: [ view_end ] --START--
INFO: ShowPageTrace Behavior ::run [ RunTime:0.001319s ]
INFO: [ view_end ] --END-- [ RunTime:0.001399s ]

