[ 2015-12-04T00:58:00+08:00 ] 127.0.0.1 /oceanliao/
INFO: [ app_begin ] --START--
INFO: ReadHtmlCache Behavior ::run [ RunTime:0.002397s ]
INFO: [ app_begin ] --END-- [ RunTime:0.002512s ]

[ 2015-12-04T00:58:00+08:00 ] 127.0.0.1 /oceanliao/index.php/Main/Eindex.html
INFO: [ route_check ] --START--
INFO: CheckRoute Behavior ::run [ RunTime:0.001670s ]
INFO: [ route_check ] --END-- [ RunTime:0.001761s ]
INFO: [ app_begin ] --START--
INFO: ReadHtmlCache Behavior ::run [ RunTime:0.000749s ]
INFO: [ app_begin ] --END-- [ RunTime:0.000822s ]

[ 2015-12-04T00:58:04+08:00 ] 127.0.0.1 /oceanliao/
INFO: [ app_begin ] --START--
INFO: ReadHtmlCache Behavior ::run [ RunTime:0.000767s ]
INFO: [ app_begin ] --END-- [ RunTime:0.000858s ]

[ 2015-12-04T00:58:04+08:00 ] 127.0.0.1 /oceanliao/index.php/Main/Eindex.html
INFO: [ route_check ] --START--
INFO: CheckRoute Behavior ::run [ RunTime:0.001096s ]
INFO: [ route_check ] --END-- [ RunTime:0.001188s ]
INFO: [ app_begin ] --START--
INFO: ReadHtmlCache Behavior ::run [ RunTime:0.000745s ]
INFO: [ app_begin ] --END-- [ RunTime:0.000818s ]

[ 2015-12-04T23:34:52+08:00 ] 127.0.0.1 /oceanliao/
INFO: [ app_begin ] --START--
INFO: ReadHtmlCache Behavior ::run [ RunTime:0.001845s ]
INFO: [ app_begin ] --END-- [ RunTime:0.001919s ]

[ 2015-12-04T23:34:52+08:00 ] 127.0.0.1 /oceanliao/index.php/Main/Eindex.html
INFO: [ route_check ] --START--
INFO: CheckRoute Behavior ::run [ RunTime:0.001333s ]
INFO: [ route_check ] --END-- [ RunTime:0.001408s ]
INFO: [ app_begin ] --START--
INFO: ReadHtmlCache Behavior ::run [ RunTime:0.000589s ]
INFO: [ app_begin ] --END-- [ RunTime:0.000644s ]

[ 2015-12-04T23:36:50+08:00 ] 127.0.0.1 /oceanliao/index.php/Main/Eindex.html
INFO: [ route_check ] --START--
INFO: CheckRoute Behavior ::run [ RunTime:0.001085s ]
INFO: [ route_check ] --END-- [ RunTime:0.001162s ]
INFO: [ app_begin ] --START--
INFO: ReadHtmlCache Behavior ::run [ RunTime:0.000684s ]
INFO: [ app_begin ] --END-- [ RunTime:0.000747s ]
SQL: SHOW COLUMNS FROM `ocean_message` [ RunTime:0.007780s ]
SQL: SELECT * FROM `ocean_message` ORDER BY id DESC  [ RunTime:0.007932s ]
INFO: [ view_parse ] --START--
INFO: ParseTemplate Behavior ::run [ RunTime:0.019709s ]
INFO: [ view_parse ] --END-- [ RunTime:0.019799s ]
INFO: [ view_filter ] --START--
INFO: ContentReplace Behavior ::run [ RunTime:0.000920s ]
INFO: TokenBuild Behavior ::run [ RunTime:0.000736s ]
INFO: WriteHtmlCache Behavior ::run [ RunTime:0.000609s ]
INFO: ShowRuntime Behavior ::run [ RunTime:0.000811s ]
INFO: [ view_filter ] --END-- [ RunTime:0.003230s ]
INFO: [ view_end ] --START--
INFO: ShowPageTrace Behavior ::run [ RunTime:0.001038s ]
INFO: [ view_end ] --END-- [ RunTime:0.001094s ]

[ 2015-12-04T23:37:19+08:00 ] 127.0.0.1 /oceanliao/index.php/Main/heart
INFO: [ route_check ] --START--
INFO: CheckRoute Behavior ::run [ RunTime:0.001056s ]
INFO: [ route_check ] --END-- [ RunTime:0.001128s ]
INFO: [ app_begin ] --START--
INFO: ReadHtmlCache Behavior ::run [ RunTime:0.000659s ]
INFO: [ app_begin ] --END-- [ RunTime:0.000715s ]
INFO: [ view_parse ] --START--
INFO: ParseTemplate Behavior ::run [ RunTime:0.016157s ]
INFO: [ view_parse ] --END-- [ RunTime:0.016259s ]
INFO: [ view_filter ] --START--
INFO: ContentReplace Behavior ::run [ RunTime:0.000620s ]
INFO: TokenBuild Behavior ::run [ RunTime:0.000525s ]
INFO: WriteHtmlCache Behavior ::run [ RunTime:0.000399s ]
INFO: ShowRuntime Behavior ::run [ RunTime:0.000596s ]
INFO: [ view_filter ] --END-- [ RunTime:0.002292s ]
INFO: [ view_end ] --START--
INFO: ShowPageTrace Behavior ::run [ RunTime:0.000747s ]
INFO: [ view_end ] --END-- [ RunTime:0.000803s ]

[ 2015-12-04T23:38:22+08:00 ] 127.0.0.1 /oceanliao/index.php/Main/message
INFO: [ route_check ] --START--
INFO: CheckRoute Behavior ::run [ RunTime:0.001025s ]
INFO: [ route_check ] --END-- [ RunTime:0.001098s ]
INFO: [ app_begin ] --START--
INFO: ReadHtmlCache Behavior ::run [ RunTime:0.000653s ]
INFO: [ app_begin ] --END-- [ RunTime:0.000708s ]
SQL: SHOW COLUMNS FROM `ocean_leave_word` [ RunTime:0.005276s ]
SQL: SELECT * FROM `ocean_leave_word` ORDER BY id DESC  [ RunTime:0.000300s ]
INFO: [ view_parse ] --START--
INFO: ParseTemplate Behavior ::run [ RunTime:0.017241s ]
INFO: [ view_parse ] --END-- [ RunTime:0.017307s ]
INFO: [ view_filter ] --START--
INFO: ContentReplace Behavior ::run [ RunTime:0.000564s ]
INFO: TokenBuild Behavior ::run [ RunTime:0.000513s ]
INFO: WriteHtmlCache Behavior ::run [ RunTime:0.000401s ]
INFO: ShowRuntime Behavior ::run [ RunTime:0.000658s ]
INFO: [ view_filter ] --END-- [ RunTime:0.002287s ]
INFO: [ view_end ] --START--
INFO: ShowPageTrace Behavior ::run [ RunTime:0.000747s ]
INFO: [ view_end ] --END-- [ RunTime:0.000801s ]

