[ 2015-12-24T14:19:56+08:00 ] 127.0.0.1 /oceanliao/
INFO: [ app_begin ] --START--
INFO: ReadHtmlCache Behavior ::run [ RunTime:0.001878s ]
INFO: [ app_begin ] --END-- [ RunTime:0.001969s ]

[ 2015-12-24T14:19:56+08:00 ] 127.0.0.1 /oceanliao/index.php/Main/Eindex.html
INFO: [ route_check ] --START--
INFO: CheckRoute Behavior ::run [ RunTime:0.001820s ]
INFO: [ route_check ] --END-- [ RunTime:0.001921s ]
INFO: [ app_begin ] --START--
INFO: ReadHtmlCache Behavior ::run [ RunTime:0.000654s ]
INFO: [ app_begin ] --END-- [ RunTime:0.000727s ]
SQL: SHOW COLUMNS FROM `ocean_message` [ RunTime:0.003892s ]
SQL: SELECT * FROM `ocean_message` ORDER BY id DESC  [ RunTime:0.000661s ]
INFO: [ view_parse ] --START--
INFO: ParseTemplate Behavior ::run [ RunTime:0.025720s ]
INFO: [ view_parse ] --END-- [ RunTime:0.025828s ]
INFO: [ view_filter ] --START--
INFO: ContentReplace Behavior ::run [ RunTime:0.001220s ]
INFO: TokenBuild Behavior ::run [ RunTime:0.001020s ]
INFO: WriteHtmlCache Behavior ::run [ RunTime:0.000869s ]
INFO: ShowRuntime Behavior ::run [ RunTime:0.001113s ]
INFO: [ view_filter ] --END-- [ RunTime:0.004423s ]
INFO: [ view_end ] --START--
INFO: ShowPageTrace Behavior ::run [ RunTime:0.001325s ]
INFO: [ view_end ] --END-- [ RunTime:0.001397s ]

