[ 2016-05-30T15:35:23+08:00 ] 127.0.0.1 /oceanliao/
INFO: [ app_begin ] --START--
INFO: ReadHtmlCache Behavior ::run [ RunTime:0.001809s ]
INFO: [ app_begin ] --END-- [ RunTime:0.001885s ]

[ 2016-05-30T15:35:23+08:00 ] 127.0.0.1 /oceanliao/index.php/Main/Eindex.html
INFO: [ route_check ] --START--
INFO: CheckRoute Behavior ::run [ RunTime:0.002063s ]
INFO: [ route_check ] --END-- [ RunTime:0.002158s ]
INFO: [ app_begin ] --START--
INFO: ReadHtmlCache Behavior ::run [ RunTime:0.000625s ]
INFO: [ app_begin ] --END-- [ RunTime:0.000681s ]
SQL: SHOW COLUMNS FROM `ocean_message` [ RunTime:0.006438s ]
SQL: SELECT * FROM `ocean_message` ORDER BY id DESC  [ RunTime:0.016514s ]
INFO: [ view_parse ] --START--
INFO: ParseTemplate Behavior ::run [ RunTime:0.021544s ]
INFO: [ view_parse ] --END-- [ RunTime:0.021627s ]
INFO: [ view_filter ] --START--
INFO: ContentReplace Behavior ::run [ RunTime:0.000992s ]
INFO: TokenBuild Behavior ::run [ RunTime:0.001166s ]
INFO: WriteHtmlCache Behavior ::run [ RunTime:0.000635s ]
INFO: ShowRuntime Behavior ::run [ RunTime:0.000832s ]
INFO: [ view_filter ] --END-- [ RunTime:0.003781s ]
INFO: [ view_end ] --START--
INFO: ShowPageTrace Behavior ::run [ RunTime:0.000976s ]
INFO: [ view_end ] --END-- [ RunTime:0.001033s ]

