[ 2016-05-28T21:57:22+08:00 ] 127.0.0.1 /oceanliao/
INFO: [ app_begin ] --START--
INFO: ReadHtmlCache Behavior ::run [ RunTime:0.001868s ]
INFO: [ app_begin ] --END-- [ RunTime:0.001940s ]

[ 2016-05-28T21:57:22+08:00 ] 127.0.0.1 /oceanliao/index.php/Main/Eindex.html
INFO: [ route_check ] --START--
INFO: CheckRoute Behavior ::run [ RunTime:0.001544s ]
INFO: [ route_check ] --END-- [ RunTime:0.001611s ]
INFO: [ app_begin ] --START--
INFO: ReadHtmlCache Behavior ::run [ RunTime:0.000937s ]
INFO: [ app_begin ] --END-- [ RunTime:0.001009s ]
SQL: SHOW COLUMNS FROM `ocean_message` [ RunTime:0.004187s ]
SQL: SELECT * FROM `ocean_message` ORDER BY id DESC  [ RunTime:0.016251s ]
INFO: [ view_parse ] --START--
INFO: ParseTemplate Behavior ::run [ RunTime:0.021839s ]
INFO: [ view_parse ] --END-- [ RunTime:0.021928s ]
INFO: [ view_filter ] --START--
INFO: ContentReplace Behavior ::run [ RunTime:0.001213s ]
INFO: TokenBuild Behavior ::run [ RunTime:0.001437s ]
INFO: WriteHtmlCache Behavior ::run [ RunTime:0.000988s ]
INFO: ShowRuntime Behavior ::run [ RunTime:0.001132s ]
INFO: [ view_filter ] --END-- [ RunTime:0.004922s ]
INFO: [ view_end ] --START--
INFO: ShowPageTrace Behavior ::run [ RunTime:0.001266s ]
INFO: [ view_end ] --END-- [ RunTime:0.001323s ]

[ 2016-05-28T21:57:36+08:00 ] 127.0.0.1 /oceanliao/index.php/Main/heart
INFO: [ route_check ] --START--
INFO: CheckRoute Behavior ::run [ RunTime:0.001252s ]
INFO: [ route_check ] --END-- [ RunTime:0.001339s ]
INFO: [ app_begin ] --START--
INFO: ReadHtmlCache Behavior ::run [ RunTime:0.000905s ]
INFO: [ app_begin ] --END-- [ RunTime:0.000971s ]
INFO: [ view_parse ] --START--
INFO: ParseTemplate Behavior ::run [ RunTime:0.017915s ]
INFO: [ view_parse ] --END-- [ RunTime:0.017998s ]
INFO: [ view_filter ] --START--
INFO: ContentReplace Behavior ::run [ RunTime:0.000786s ]
INFO: TokenBuild Behavior ::run [ RunTime:0.000713s ]
INFO: WriteHtmlCache Behavior ::run [ RunTime:0.000589s ]
INFO: ShowRuntime Behavior ::run [ RunTime:0.000692s ]
INFO: [ view_filter ] --END-- [ RunTime:0.002950s ]
INFO: [ view_end ] --START--
INFO: ShowPageTrace Behavior ::run [ RunTime:0.000869s ]
INFO: [ view_end ] --END-- [ RunTime:0.000927s ]

[ 2016-05-28T21:57:40+08:00 ] 127.0.0.1 /oceanliao/index.php/Main/about
INFO: [ route_check ] --START--
INFO: CheckRoute Behavior ::run [ RunTime:0.001009s ]
INFO: [ route_check ] --END-- [ RunTime:0.001079s ]
INFO: [ app_begin ] --START--
INFO: ReadHtmlCache Behavior ::run [ RunTime:0.000751s ]
INFO: [ app_begin ] --END-- [ RunTime:0.000809s ]
INFO: [ view_parse ] --START--
INFO: ParseTemplate Behavior ::run [ RunTime:0.010508s ]
INFO: [ view_parse ] --END-- [ RunTime:0.010574s ]
INFO: [ view_filter ] --START--
INFO: ContentReplace Behavior ::run [ RunTime:0.000624s ]
INFO: TokenBuild Behavior ::run [ RunTime:0.000582s ]
INFO: WriteHtmlCache Behavior ::run [ RunTime:0.000510s ]
INFO: ShowRuntime Behavior ::run [ RunTime:0.000691s ]
INFO: [ view_filter ] --END-- [ RunTime:0.002557s ]
INFO: [ view_end ] --START--
INFO: ShowPageTrace Behavior ::run [ RunTime:0.000782s ]
INFO: [ view_end ] --END-- [ RunTime:0.000836s ]

[ 2016-05-28T21:57:43+08:00 ] 127.0.0.1 /oceanliao/index.php/Main/Eindex
INFO: [ route_check ] --START--
INFO: CheckRoute Behavior ::run [ RunTime:0.001094s ]
INFO: [ route_check ] --END-- [ RunTime:0.001166s ]
INFO: [ app_begin ] --START--
INFO: ReadHtmlCache Behavior ::run [ RunTime:0.000717s ]
INFO: [ app_begin ] --END-- [ RunTime:0.000775s ]
SQL: SHOW COLUMNS FROM `ocean_message` [ RunTime:0.003826s ]
SQL: SELECT * FROM `ocean_message` ORDER BY id DESC  [ RunTime:0.003788s ]
INFO: [ view_parse ] --START--
INFO: ParseTemplate Behavior ::run [ RunTime:0.011410s ]
INFO: [ view_parse ] --END-- [ RunTime:0.011494s ]
INFO: [ view_filter ] --START--
INFO: ContentReplace Behavior ::run [ RunTime:0.000681s ]
INFO: TokenBuild Behavior ::run [ RunTime:0.000590s ]
INFO: WriteHtmlCache Behavior ::run [ RunTime:0.000442s ]
INFO: ShowRuntime Behavior ::run [ RunTime:0.000673s ]
INFO: [ view_filter ] --END-- [ RunTime:0.002538s ]
INFO: [ view_end ] --START--
INFO: ShowPageTrace Behavior ::run [ RunTime:0.000771s ]
INFO: [ view_end ] --END-- [ RunTime:0.000825s ]

[ 2016-05-28T21:57:44+08:00 ] 127.0.0.1 /oceanliao/index.php/Main/about
INFO: [ route_check ] --START--
INFO: CheckRoute Behavior ::run [ RunTime:0.001070s ]
INFO: [ route_check ] --END-- [ RunTime:0.001142s ]
INFO: [ app_begin ] --START--
INFO: ReadHtmlCache Behavior ::run [ RunTime:0.000842s ]
INFO: [ app_begin ] --END-- [ RunTime:0.000912s ]
INFO: [ view_parse ] --START--
INFO: ParseTemplate Behavior ::run [ RunTime:0.009796s ]
INFO: [ view_parse ] --END-- [ RunTime:0.009868s ]
INFO: [ view_filter ] --START--
INFO: ContentReplace Behavior ::run [ RunTime:0.000629s ]
INFO: TokenBuild Behavior ::run [ RunTime:0.000584s ]
INFO: WriteHtmlCache Behavior ::run [ RunTime:0.000459s ]
INFO: ShowRuntime Behavior ::run [ RunTime:0.000666s ]
INFO: [ view_filter ] --END-- [ RunTime:0.002490s ]
INFO: [ view_end ] --START--
INFO: ShowPageTrace Behavior ::run [ RunTime:0.000774s ]
INFO: [ view_end ] --END-- [ RunTime:0.000828s ]

[ 2016-05-28T21:57:45+08:00 ] 127.0.0.1 /oceanliao/index.php/Main/message
INFO: [ route_check ] --START--
INFO: CheckRoute Behavior ::run [ RunTime:0.001007s ]
INFO: [ route_check ] --END-- [ RunTime:0.001076s ]
INFO: [ app_begin ] --START--
INFO: ReadHtmlCache Behavior ::run [ RunTime:0.000703s ]
INFO: [ app_begin ] --END-- [ RunTime:0.000759s ]
SQL: SHOW COLUMNS FROM `ocean_leave_word` [ RunTime:0.003844s ]
SQL: SELECT * FROM `ocean_leave_word` ORDER BY id DESC  [ RunTime:0.000280s ]
INFO: [ view_parse ] --START--
INFO: ParseTemplate Behavior ::run [ RunTime:0.011770s ]
INFO: [ view_parse ] --END-- [ RunTime:0.011844s ]
INFO: [ view_filter ] --START--
INFO: ContentReplace Behavior ::run [ RunTime:0.000675s ]
INFO: TokenBuild Behavior ::run [ RunTime:0.000639s ]
INFO: WriteHtmlCache Behavior ::run [ RunTime:0.000457s ]
INFO: ShowRuntime Behavior ::run [ RunTime:0.000674s ]
INFO: [ view_filter ] --END-- [ RunTime:0.002610s ]
INFO: [ view_end ] --START--
INFO: ShowPageTrace Behavior ::run [ RunTime:0.000779s ]
INFO: [ view_end ] --END-- [ RunTime:0.000834s ]

[ 2016-05-28T21:57:49+08:00 ] 127.0.0.1 /oceanliao/index.php/Main/all
INFO: [ route_check ] --START--
INFO: CheckRoute Behavior ::run [ RunTime:0.001020s ]
INFO: [ route_check ] --END-- [ RunTime:0.001094s ]
INFO: [ app_begin ] --START--
INFO: ReadHtmlCache Behavior ::run [ RunTime:0.000720s ]
INFO: [ app_begin ] --END-- [ RunTime:0.000776s ]
SQL: SHOW COLUMNS FROM `ocean_message` [ RunTime:0.003782s ]
SQL: SELECT * FROM `ocean_message` ORDER BY id DESC  [ RunTime:0.003793s ]
INFO: [ view_parse ] --START--
INFO: ParseTemplate Behavior ::run [ RunTime:0.012185s ]
INFO: [ view_parse ] --END-- [ RunTime:0.012262s ]
INFO: [ view_filter ] --START--
INFO: ContentReplace Behavior ::run [ RunTime:0.000966s ]
INFO: TokenBuild Behavior ::run [ RunTime:0.000606s ]
INFO: WriteHtmlCache Behavior ::run [ RunTime:0.000440s ]
INFO: ShowRuntime Behavior ::run [ RunTime:0.000696s ]
INFO: [ view_filter ] --END-- [ RunTime:0.002859s ]
INFO: [ view_end ] --START--
INFO: ShowPageTrace Behavior ::run [ RunTime:0.000757s ]
INFO: [ view_end ] --END-- [ RunTime:0.000810s ]

[ 2016-05-28T21:57:52+08:00 ] 127.0.0.1 /oceanliao/index.php/Main/Eindex
INFO: [ route_check ] --START--
INFO: CheckRoute Behavior ::run [ RunTime:0.001012s ]
INFO: [ route_check ] --END-- [ RunTime:0.001082s ]
INFO: [ app_begin ] --START--
INFO: ReadHtmlCache Behavior ::run [ RunTime:0.000756s ]
INFO: [ app_begin ] --END-- [ RunTime:0.000835s ]
SQL: SHOW COLUMNS FROM `ocean_message` [ RunTime:0.003797s ]
SQL: SELECT * FROM `ocean_message` ORDER BY id DESC  [ RunTime:0.003821s ]
INFO: [ view_parse ] --START--
INFO: ParseTemplate Behavior ::run [ RunTime:0.010874s ]
INFO: [ view_parse ] --END-- [ RunTime:0.010953s ]
INFO: [ view_filter ] --START--
INFO: ContentReplace Behavior ::run [ RunTime:0.000664s ]
INFO: TokenBuild Behavior ::run [ RunTime:0.000597s ]
INFO: WriteHtmlCache Behavior ::run [ RunTime:0.000443s ]
INFO: ShowRuntime Behavior ::run [ RunTime:0.000667s ]
INFO: [ view_filter ] --END-- [ RunTime:0.002523s ]
INFO: [ view_end ] --START--
INFO: ShowPageTrace Behavior ::run [ RunTime:0.000866s ]
INFO: [ view_end ] --END-- [ RunTime:0.000932s ]

[ 2016-05-28T21:58:50+08:00 ] 127.0.0.1 /oceanliao/index.php/Main/login
INFO: [ route_check ] --START--
INFO: CheckRoute Behavior ::run [ RunTime:0.001142s ]
INFO: [ route_check ] --END-- [ RunTime:0.001218s ]
INFO: [ app_begin ] --START--
INFO: ReadHtmlCache Behavior ::run [ RunTime:0.000761s ]
INFO: [ app_begin ] --END-- [ RunTime:0.000817s ]
NOTIC: [8] Constant THEME_NAME already defined D:\wamp\www\oceanliao\ThinkPHP\Lib\Core\View.class.php 第 223 行.
NOTIC: [8] Constant THEME_PATH already defined D:\wamp\www\oceanliao\ThinkPHP\Lib\Core\View.class.php 第 174 行.
NOTIC: [8] Constant APP_TMPL_PATH already defined D:\wamp\www\oceanliao\ThinkPHP\Lib\Core\View.class.php 第 175 行.
INFO: [ view_parse ] --START--
INFO: ParseTemplate Behavior ::run [ RunTime:0.004703s ]
INFO: [ view_parse ] --END-- [ RunTime:0.004770s ]
INFO: [ view_filter ] --START--
INFO: ContentReplace Behavior ::run [ RunTime:0.000603s ]
INFO: TokenBuild Behavior ::run [ RunTime:0.000593s ]
INFO: WriteHtmlCache Behavior ::run [ RunTime:0.000486s ]
INFO: ShowRuntime Behavior ::run [ RunTime:0.000751s ]
INFO: [ view_filter ] --END-- [ RunTime:0.002606s ]
INFO: [ view_end ] --START--
INFO: ShowPageTrace Behavior ::run [ RunTime:0.000934s ]
INFO: [ view_end ] --END-- [ RunTime:0.000991s ]

[ 2016-05-28T21:59:18+08:00 ] 127.0.0.1 /oceanliao/index.php/Main/all
INFO: [ route_check ] --START--
INFO: CheckRoute Behavior ::run [ RunTime:0.001023s ]
INFO: [ route_check ] --END-- [ RunTime:0.001091s ]
INFO: [ app_begin ] --START--
INFO: ReadHtmlCache Behavior ::run [ RunTime:0.000658s ]
INFO: [ app_begin ] --END-- [ RunTime:0.000714s ]
SQL: SHOW COLUMNS FROM `ocean_message` [ RunTime:0.003824s ]
SQL: SELECT * FROM `ocean_message` ORDER BY id DESC  [ RunTime:0.003792s ]
INFO: [ view_parse ] --START--
INFO: ParseTemplate Behavior ::run [ RunTime:0.018125s ]
INFO: [ view_parse ] --END-- [ RunTime:0.018207s ]
INFO: [ view_filter ] --START--
INFO: ContentReplace Behavior ::run [ RunTime:0.000979s ]
INFO: TokenBuild Behavior ::run [ RunTime:0.000576s ]
INFO: WriteHtmlCache Behavior ::run [ RunTime:0.000414s ]
INFO: ShowRuntime Behavior ::run [ RunTime:0.000714s ]
INFO: [ view_filter ] --END-- [ RunTime:0.002845s ]
INFO: [ view_end ] --START--
INFO: ShowPageTrace Behavior ::run [ RunTime:0.000721s ]
INFO: [ view_end ] --END-- [ RunTime:0.000775s ]

[ 2016-05-28T22:00:23+08:00 ] 127.0.0.1 /oceanliao/
INFO: [ app_begin ] --START--
INFO: ReadHtmlCache Behavior ::run [ RunTime:0.000597s ]
INFO: [ app_begin ] --END-- [ RunTime:0.000664s ]

[ 2016-05-28T22:00:24+08:00 ] 127.0.0.1 /oceanliao/index.php/Main/Eindex.html
INFO: [ route_check ] --START--
INFO: CheckRoute Behavior ::run [ RunTime:0.000838s ]
INFO: [ route_check ] --END-- [ RunTime:0.000905s ]
INFO: [ app_begin ] --START--
INFO: ReadHtmlCache Behavior ::run [ RunTime:0.000586s ]
INFO: [ app_begin ] --END-- [ RunTime:0.000642s ]
SQL: SHOW COLUMNS FROM `ocean_message` [ RunTime:0.003831s ]
SQL: SELECT * FROM `ocean_message` ORDER BY id DESC  [ RunTime:0.004052s ]
INFO: [ view_parse ] --START--
INFO: ParseTemplate Behavior ::run [ RunTime:0.009719s ]
INFO: [ view_parse ] --END-- [ RunTime:0.009791s ]
INFO: [ view_filter ] --START--
INFO: ContentReplace Behavior ::run [ RunTime:0.000495s ]
INFO: TokenBuild Behavior ::run [ RunTime:0.000428s ]
INFO: WriteHtmlCache Behavior ::run [ RunTime:0.000318s ]
INFO: ShowRuntime Behavior ::run [ RunTime:0.000511s ]
INFO: [ view_filter ] --END-- [ RunTime:0.001901s ]
INFO: [ view_end ] --START--
INFO: ShowPageTrace Behavior ::run [ RunTime:0.000653s ]
INFO: [ view_end ] --END-- [ RunTime:0.000707s ]

[ 2016-05-28T22:00:26+08:00 ] 127.0.0.1 /oceanliao/index.php/Main/heart
INFO: [ route_check ] --START--
INFO: CheckRoute Behavior ::run [ RunTime:0.000853s ]
INFO: [ route_check ] --END-- [ RunTime:0.000928s ]
INFO: [ app_begin ] --START--
INFO: ReadHtmlCache Behavior ::run [ RunTime:0.000582s ]
INFO: [ app_begin ] --END-- [ RunTime:0.000636s ]
INFO: [ view_parse ] --START--
INFO: ParseTemplate Behavior ::run [ RunTime:0.008430s ]
INFO: [ view_parse ] --END-- [ RunTime:0.008495s ]
INFO: [ view_filter ] --START--
INFO: ContentReplace Behavior ::run [ RunTime:0.000474s ]
INFO: TokenBuild Behavior ::run [ RunTime:0.000429s ]
INFO: WriteHtmlCache Behavior ::run [ RunTime:0.000317s ]
INFO: ShowRuntime Behavior ::run [ RunTime:0.000506s ]
INFO: [ view_filter ] --END-- [ RunTime:0.001878s ]
INFO: [ view_end ] --START--
INFO: ShowPageTrace Behavior ::run [ RunTime:0.000671s ]
INFO: [ view_end ] --END-- [ RunTime:0.000726s ]

[ 2016-05-28T22:00:32+08:00 ] 127.0.0.1 /oceanliao/index.php/Main/heart1
INFO: [ route_check ] --START--
INFO: CheckRoute Behavior ::run [ RunTime:0.001130s ]
INFO: [ route_check ] --END-- [ RunTime:0.001203s ]
INFO: [ app_begin ] --START--
INFO: ReadHtmlCache Behavior ::run [ RunTime:0.000748s ]
INFO: [ app_begin ] --END-- [ RunTime:0.000805s ]
NOTIC: [8] Constant THEME_NAME already defined D:\wamp\www\oceanliao\ThinkPHP\Lib\Core\View.class.php 第 223 行.
NOTIC: [8] Constant THEME_PATH already defined D:\wamp\www\oceanliao\ThinkPHP\Lib\Core\View.class.php 第 174 行.
NOTIC: [8] Constant APP_TMPL_PATH already defined D:\wamp\www\oceanliao\ThinkPHP\Lib\Core\View.class.php 第 175 行.
INFO: [ view_parse ] --START--
INFO: ParseTemplate Behavior ::run [ RunTime:0.009908s ]
INFO: [ view_parse ] --END-- [ RunTime:0.009972s ]
INFO: [ view_filter ] --START--
INFO: ContentReplace Behavior ::run [ RunTime:0.000607s ]
INFO: TokenBuild Behavior ::run [ RunTime:0.000595s ]
INFO: WriteHtmlCache Behavior ::run [ RunTime:0.000481s ]
INFO: ShowRuntime Behavior ::run [ RunTime:0.000669s ]
INFO: [ view_filter ] --END-- [ RunTime:0.002512s ]
INFO: [ view_end ] --START--
INFO: ShowPageTrace Behavior ::run [ RunTime:0.000832s ]
INFO: [ view_end ] --END-- [ RunTime:0.000890s ]

[ 2016-05-28T22:00:39+08:00 ] 127.0.0.1 /oceanliao/index.php/Main/heart
INFO: [ route_check ] --START--
INFO: CheckRoute Behavior ::run [ RunTime:0.001057s ]
INFO: [ route_check ] --END-- [ RunTime:0.001131s ]
INFO: [ app_begin ] --START--
INFO: ReadHtmlCache Behavior ::run [ RunTime:0.000781s ]
INFO: [ app_begin ] --END-- [ RunTime:0.000852s ]
INFO: [ view_parse ] --START--
INFO: ParseTemplate Behavior ::run [ RunTime:0.016833s ]
INFO: [ view_parse ] --END-- [ RunTime:0.016910s ]
INFO: [ view_filter ] --START--
INFO: ContentReplace Behavior ::run [ RunTime:0.000678s ]
INFO: TokenBuild Behavior ::run [ RunTime:0.000641s ]
INFO: WriteHtmlCache Behavior ::run [ RunTime:0.000507s ]
INFO: ShowRuntime Behavior ::run [ RunTime:0.000679s ]
INFO: [ view_filter ] --END-- [ RunTime:0.002673s ]
INFO: [ view_end ] --START--
INFO: ShowPageTrace Behavior ::run [ RunTime:0.000823s ]
INFO: [ view_end ] --END-- [ RunTime:0.000879s ]

[ 2016-05-28T22:01:15+08:00 ] 127.0.0.1 /oceanliao/index.php/Main/Eindex
INFO: [ route_check ] --START--
INFO: CheckRoute Behavior ::run [ RunTime:0.000929s ]
INFO: [ route_check ] --END-- [ RunTime:0.000998s ]
INFO: [ app_begin ] --START--
INFO: ReadHtmlCache Behavior ::run [ RunTime:0.000591s ]
INFO: [ app_begin ] --END-- [ RunTime:0.000649s ]
SQL: SHOW COLUMNS FROM `ocean_message` [ RunTime:0.003790s ]
SQL: SELECT * FROM `ocean_message` ORDER BY id DESC  [ RunTime:0.003927s ]
INFO: [ view_parse ] --START--
INFO: ParseTemplate Behavior ::run [ RunTime:0.011048s ]
INFO: [ view_parse ] --END-- [ RunTime:0.011120s ]
INFO: [ view_filter ] --START--
INFO: ContentReplace Behavior ::run [ RunTime:0.000694s ]
INFO: TokenBuild Behavior ::run [ RunTime:0.000632s ]
INFO: WriteHtmlCache Behavior ::run [ RunTime:0.000459s ]
INFO: ShowRuntime Behavior ::run [ RunTime:0.000729s ]
INFO: [ view_filter ] --END-- [ RunTime:0.002667s ]
INFO: [ view_end ] --START--
INFO: ShowPageTrace Behavior ::run [ RunTime:0.000776s ]
INFO: [ view_end ] --END-- [ RunTime:0.000830s ]

[ 2016-05-28T22:01:29+08:00 ] 127.0.0.1 /oceanliao/index.php/Main/heart
INFO: [ route_check ] --START--
INFO: CheckRoute Behavior ::run [ RunTime:0.001118s ]
INFO: [ route_check ] --END-- [ RunTime:0.001191s ]
INFO: [ app_begin ] --START--
INFO: ReadHtmlCache Behavior ::run [ RunTime:0.000766s ]
INFO: [ app_begin ] --END-- [ RunTime:0.000824s ]
INFO: [ view_parse ] --START--
INFO: ParseTemplate Behavior ::run [ RunTime:0.016024s ]
INFO: [ view_parse ] --END-- [ RunTime:0.016091s ]
INFO: [ view_filter ] --START--
INFO: ContentReplace Behavior ::run [ RunTime:0.000630s ]
INFO: TokenBuild Behavior ::run [ RunTime:0.000587s ]
INFO: WriteHtmlCache Behavior ::run [ RunTime:0.000492s ]
INFO: ShowRuntime Behavior ::run [ RunTime:0.000667s ]
INFO: [ view_filter ] --END-- [ RunTime:0.002529s ]
INFO: [ view_end ] --START--
INFO: ShowPageTrace Behavior ::run [ RunTime:0.000835s ]
INFO: [ view_end ] --END-- [ RunTime:0.000890s ]

[ 2016-05-28T22:01:31+08:00 ] 127.0.0.1 /oceanliao/index.php/Main/Eindex
INFO: [ route_check ] --START--
INFO: CheckRoute Behavior ::run [ RunTime:0.001080s ]
INFO: [ route_check ] --END-- [ RunTime:0.001174s ]
INFO: [ app_begin ] --START--
INFO: ReadHtmlCache Behavior ::run [ RunTime:0.001033s ]
INFO: [ app_begin ] --END-- [ RunTime:0.001110s ]
SQL: SHOW COLUMNS FROM `ocean_message` [ RunTime:0.003816s ]
SQL: SELECT * FROM `ocean_message` ORDER BY id DESC  [ RunTime:0.003752s ]
INFO: [ view_parse ] --START--
INFO: ParseTemplate Behavior ::run [ RunTime:0.010981s ]
INFO: [ view_parse ] --END-- [ RunTime:0.011077s ]
INFO: [ view_filter ] --START--
INFO: ContentReplace Behavior ::run [ RunTime:0.000829s ]
INFO: TokenBuild Behavior ::run [ RunTime:0.000614s ]
INFO: WriteHtmlCache Behavior ::run [ RunTime:0.000446s ]
INFO: ShowRuntime Behavior ::run [ RunTime:0.000647s ]
INFO: [ view_filter ] --END-- [ RunTime:0.002690s ]
INFO: [ view_end ] --START--
INFO: ShowPageTrace Behavior ::run [ RunTime:0.000783s ]
INFO: [ view_end ] --END-- [ RunTime:0.000840s ]

[ 2016-05-28T22:01:33+08:00 ] 127.0.0.1 /oceanliao/index.php/Main/heart
INFO: [ route_check ] --START--
INFO: CheckRoute Behavior ::run [ RunTime:0.001040s ]
INFO: [ route_check ] --END-- [ RunTime:0.001117s ]
INFO: [ app_begin ] --START--
INFO: ReadHtmlCache Behavior ::run [ RunTime:0.000751s ]
INFO: [ app_begin ] --END-- [ RunTime:0.000807s ]
INFO: [ view_parse ] --START--
INFO: ParseTemplate Behavior ::run [ RunTime:0.009395s ]
INFO: [ view_parse ] --END-- [ RunTime:0.009463s ]
INFO: [ view_filter ] --START--
INFO: ContentReplace Behavior ::run [ RunTime:0.000631s ]
INFO: TokenBuild Behavior ::run [ RunTime:0.000592s ]
INFO: WriteHtmlCache Behavior ::run [ RunTime:0.000444s ]
INFO: ShowRuntime Behavior ::run [ RunTime:0.000638s ]
INFO: [ view_filter ] --END-- [ RunTime:0.002457s ]
INFO: [ view_end ] --START--
INFO: ShowPageTrace Behavior ::run [ RunTime:0.000786s ]
INFO: [ view_end ] --END-- [ RunTime:0.000841s ]

[ 2016-05-28T22:01:33+08:00 ] 127.0.0.1 /oceanliao/index.php/Main/all
INFO: [ route_check ] --START--
INFO: CheckRoute Behavior ::run [ RunTime:0.001013s ]
INFO: [ route_check ] --END-- [ RunTime:0.001090s ]
INFO: [ app_begin ] --START--
INFO: ReadHtmlCache Behavior ::run [ RunTime:0.000803s ]
INFO: [ app_begin ] --END-- [ RunTime:0.000870s ]
SQL: SHOW COLUMNS FROM `ocean_message` [ RunTime:0.022608s ]
SQL: SELECT * FROM `ocean_message` ORDER BY id DESC  [ RunTime:0.003876s ]
INFO: [ view_parse ] --START--
INFO: ParseTemplate Behavior ::run [ RunTime:0.011641s ]
INFO: [ view_parse ] --END-- [ RunTime:0.011720s ]
INFO: [ view_filter ] --START--
INFO: ContentReplace Behavior ::run [ RunTime:0.001082s ]
INFO: TokenBuild Behavior ::run [ RunTime:0.000636s ]
INFO: WriteHtmlCache Behavior ::run [ RunTime:0.000448s ]
INFO: ShowRuntime Behavior ::run [ RunTime:0.000663s ]
INFO: [ view_filter ] --END-- [ RunTime:0.002993s ]
INFO: [ view_end ] --START--
INFO: ShowPageTrace Behavior ::run [ RunTime:0.000811s ]
INFO: [ view_end ] --END-- [ RunTime:0.000869s ]

[ 2016-05-28T22:01:35+08:00 ] 127.0.0.1 /oceanliao/index.php/Main/about
INFO: [ route_check ] --START--
INFO: CheckRoute Behavior ::run [ RunTime:0.001068s ]
INFO: [ route_check ] --END-- [ RunTime:0.001157s ]
INFO: [ app_begin ] --START--
INFO: ReadHtmlCache Behavior ::run [ RunTime:0.000760s ]
INFO: [ app_begin ] --END-- [ RunTime:0.000821s ]
INFO: [ view_parse ] --START--
INFO: ParseTemplate Behavior ::run [ RunTime:0.011785s ]
INFO: [ view_parse ] --END-- [ RunTime:0.011863s ]
INFO: [ view_filter ] --START--
INFO: ContentReplace Behavior ::run [ RunTime:0.000647s ]
INFO: TokenBuild Behavior ::run [ RunTime:0.000590s ]
INFO: WriteHtmlCache Behavior ::run [ RunTime:0.000448s ]
INFO: ShowRuntime Behavior ::run [ RunTime:0.000676s ]
INFO: [ view_filter ] --END-- [ RunTime:0.002517s ]
INFO: [ view_end ] --START--
INFO: ShowPageTrace Behavior ::run [ RunTime:0.000782s ]
INFO: [ view_end ] --END-- [ RunTime:0.000837s ]

[ 2016-05-28T22:01:36+08:00 ] 127.0.0.1 /oceanliao/index.php/Main/Eindex
INFO: [ route_check ] --START--
INFO: CheckRoute Behavior ::run [ RunTime:0.001113s ]
INFO: [ route_check ] --END-- [ RunTime:0.001204s ]
INFO: [ app_begin ] --START--
INFO: ReadHtmlCache Behavior ::run [ RunTime:0.000759s ]
INFO: [ app_begin ] --END-- [ RunTime:0.000817s ]
SQL: SHOW COLUMNS FROM `ocean_message` [ RunTime:0.003807s ]
SQL: SELECT * FROM `ocean_message` ORDER BY id DESC  [ RunTime:0.004119s ]
INFO: [ view_parse ] --START--
INFO: ParseTemplate Behavior ::run [ RunTime:0.010839s ]
INFO: [ view_parse ] --END-- [ RunTime:0.010920s ]
INFO: [ view_filter ] --START--
INFO: ContentReplace Behavior ::run [ RunTime:0.000662s ]
INFO: TokenBuild Behavior ::run [ RunTime:0.000594s ]
INFO: WriteHtmlCache Behavior ::run [ RunTime:0.000445s ]
INFO: ShowRuntime Behavior ::run [ RunTime:0.000634s ]
INFO: [ view_filter ] --END-- [ RunTime:0.002487s ]
INFO: [ view_end ] --START--
INFO: ShowPageTrace Behavior ::run [ RunTime:0.000784s ]
INFO: [ view_end ] --END-- [ RunTime:0.000839s ]

[ 2016-05-28T22:01:36+08:00 ] 127.0.0.1 /oceanliao/index.php/Main/Eindex
INFO: [ route_check ] --START--
INFO: CheckRoute Behavior ::run [ RunTime:0.000979s ]
INFO: [ route_check ] --END-- [ RunTime:0.001056s ]
INFO: [ app_begin ] --START--
INFO: ReadHtmlCache Behavior ::run [ RunTime:0.000843s ]
INFO: [ app_begin ] --END-- [ RunTime:0.000915s ]
SQL: SHOW COLUMNS FROM `ocean_message` [ RunTime:0.003708s ]
SQL: SELECT * FROM `ocean_message` ORDER BY id DESC  [ RunTime:0.003606s ]
INFO: [ view_parse ] --START--
INFO: ParseTemplate Behavior ::run [ RunTime:0.010669s ]
INFO: [ view_parse ] --END-- [ RunTime:0.010744s ]
INFO: [ view_filter ] --START--
INFO: ContentReplace Behavior ::run [ RunTime:0.000665s ]
INFO: TokenBuild Behavior ::run [ RunTime:0.000627s ]
INFO: WriteHtmlCache Behavior ::run [ RunTime:0.000488s ]
INFO: ShowRuntime Behavior ::run [ RunTime:0.000703s ]
INFO: [ view_filter ] --END-- [ RunTime:0.002650s ]
INFO: [ view_end ] --START--
INFO: ShowPageTrace Behavior ::run [ RunTime:0.000774s ]
INFO: [ view_end ] --END-- [ RunTime:0.000830s ]

[ 2016-05-28T22:03:24+08:00 ] 127.0.0.1 /oceanliao/index.php/Main/Eindex
INFO: [ route_check ] --START--
INFO: CheckRoute Behavior ::run [ RunTime:0.001109s ]
INFO: [ route_check ] --END-- [ RunTime:0.001199s ]
INFO: [ app_begin ] --START--
INFO: ReadHtmlCache Behavior ::run [ RunTime:0.000802s ]
INFO: [ app_begin ] --END-- [ RunTime:0.000862s ]
SQL: SHOW COLUMNS FROM `ocean_message` [ RunTime:0.004111s ]
SQL: SELECT * FROM `ocean_message` ORDER BY id DESC  [ RunTime:0.003978s ]
INFO: [ view_parse ] --START--
INFO: ParseTemplate Behavior ::run [ RunTime:0.010627s ]
INFO: [ view_parse ] --END-- [ RunTime:0.010707s ]
INFO: [ view_filter ] --START--
INFO: ContentReplace Behavior ::run [ RunTime:0.000661s ]
INFO: TokenBuild Behavior ::run [ RunTime:0.000600s ]
INFO: WriteHtmlCache Behavior ::run [ RunTime:0.000448s ]
INFO: ShowRuntime Behavior ::run [ RunTime:0.000739s ]
INFO: [ view_filter ] --END-- [ RunTime:0.002630s ]
INFO: [ view_end ] --START--
INFO: ShowPageTrace Behavior ::run [ RunTime:0.000870s ]
INFO: [ view_end ] --END-- [ RunTime:0.000926s ]

[ 2016-05-28T22:03:42+08:00 ] 127.0.0.1 /oceanliao/index.php/Main/Eindex
INFO: [ route_check ] --START--
INFO: CheckRoute Behavior ::run [ RunTime:0.001115s ]
INFO: [ route_check ] --END-- [ RunTime:0.001185s ]
INFO: [ app_begin ] --START--
INFO: ReadHtmlCache Behavior ::run [ RunTime:0.000673s ]
INFO: [ app_begin ] --END-- [ RunTime:0.000729s ]
SQL: SHOW COLUMNS FROM `ocean_message` [ RunTime:0.003795s ]
SQL: SELECT * FROM `ocean_message` ORDER BY id DESC  [ RunTime:0.003945s ]
INFO: [ view_parse ] --START--
INFO: ParseTemplate Behavior ::run [ RunTime:0.010940s ]
INFO: [ view_parse ] --END-- [ RunTime:0.011024s ]
INFO: [ view_filter ] --START--
INFO: ContentReplace Behavior ::run [ RunTime:0.000714s ]
INFO: TokenBuild Behavior ::run [ RunTime:0.000591s ]
INFO: WriteHtmlCache Behavior ::run [ RunTime:0.000481s ]
INFO: ShowRuntime Behavior ::run [ RunTime:0.000670s ]
INFO: [ view_filter ] --END-- [ RunTime:0.002609s ]
INFO: [ view_end ] --START--
INFO: ShowPageTrace Behavior ::run [ RunTime:0.000808s ]
INFO: [ view_end ] --END-- [ RunTime:0.000863s ]

[ 2016-05-28T22:03:49+08:00 ] 127.0.0.1 /oceanliao/index.php/Main/message_more/id/80
INFO: [ route_check ] --START--
INFO: CheckRoute Behavior ::run [ RunTime:0.001078s ]
INFO: [ route_check ] --END-- [ RunTime:0.001150s ]
INFO: [ app_begin ] --START--
INFO: ReadHtmlCache Behavior ::run [ RunTime:0.000680s ]
INFO: [ app_begin ] --END-- [ RunTime:0.000735s ]
SQL: SHOW COLUMNS FROM `ocean_message` [ RunTime:0.003728s ]
SQL: SELECT * FROM `ocean_message` WHERE ( id='80' )  [ RunTime:0.000257s ]
SQL: SHOW COLUMNS FROM `ocean_leave_message` [ RunTime:0.003498s ]
SQL: SELECT * FROM `ocean_leave_message` WHERE ( message_id='80' ) ORDER BY id DESC  [ RunTime:0.002393s ]
INFO: [ view_parse ] --START--
INFO: ParseTemplate Behavior ::run [ RunTime:0.012005s ]
INFO: [ view_parse ] --END-- [ RunTime:0.012076s ]
INFO: [ view_filter ] --START--
INFO: ContentReplace Behavior ::run [ RunTime:0.000820s ]
INFO: TokenBuild Behavior ::run [ RunTime:0.000599s ]
INFO: WriteHtmlCache Behavior ::run [ RunTime:0.000485s ]
INFO: ShowRuntime Behavior ::run [ RunTime:0.000673s ]
INFO: [ view_filter ] --END-- [ RunTime:0.002753s ]
INFO: [ view_end ] --START--
INFO: ShowPageTrace Behavior ::run [ RunTime:0.000821s ]
INFO: [ view_end ] --END-- [ RunTime:0.000878s ]

[ 2016-05-28T22:03:52+08:00 ] 127.0.0.1 /oceanliao/index.php/Main/Eindex
INFO: [ route_check ] --START--
INFO: CheckRoute Behavior ::run [ RunTime:0.000854s ]
INFO: [ route_check ] --END-- [ RunTime:0.000924s ]
INFO: [ app_begin ] --START--
INFO: ReadHtmlCache Behavior ::run [ RunTime:0.000590s ]
INFO: [ app_begin ] --END-- [ RunTime:0.000644s ]
SQL: SHOW COLUMNS FROM `ocean_message` [ RunTime:0.003929s ]
SQL: SELECT * FROM `ocean_message` ORDER BY id DESC  [ RunTime:0.003860s ]
INFO: [ view_parse ] --START--
INFO: ParseTemplate Behavior ::run [ RunTime:0.010570s ]
INFO: [ view_parse ] --END-- [ RunTime:0.010642s ]
INFO: [ view_filter ] --START--
INFO: ContentReplace Behavior ::run [ RunTime:0.000642s ]
INFO: TokenBuild Behavior ::run [ RunTime:0.000593s ]
INFO: WriteHtmlCache Behavior ::run [ RunTime:0.000451s ]
INFO: ShowRuntime Behavior ::run [ RunTime:0.000682s ]
INFO: [ view_filter ] --END-- [ RunTime:0.002526s ]
INFO: [ view_end ] --START--
INFO: ShowPageTrace Behavior ::run [ RunTime:0.000766s ]
INFO: [ view_end ] --END-- [ RunTime:0.000820s ]

[ 2016-05-28T22:03:53+08:00 ] 127.0.0.1 /oceanliao/index.php/Main/message_more/id/77
INFO: [ route_check ] --START--
INFO: CheckRoute Behavior ::run [ RunTime:0.001019s ]
INFO: [ route_check ] --END-- [ RunTime:0.001136s ]
INFO: [ app_begin ] --START--
INFO: ReadHtmlCache Behavior ::run [ RunTime:0.000617s ]
INFO: [ app_begin ] --END-- [ RunTime:0.000673s ]
SQL: SHOW COLUMNS FROM `ocean_message` [ RunTime:0.004108s ]
SQL: SELECT * FROM `ocean_message` WHERE ( id='77' )  [ RunTime:0.000325s ]
SQL: SHOW COLUMNS FROM `ocean_leave_message` [ RunTime:0.003836s ]
SQL: SELECT * FROM `ocean_leave_message` WHERE ( message_id='77' ) ORDER BY id DESC  [ RunTime:0.000286s ]
INFO: [ view_parse ] --START--
INFO: ParseTemplate Behavior ::run [ RunTime:0.011530s ]
INFO: [ view_parse ] --END-- [ RunTime:0.011602s ]
INFO: [ view_filter ] --START--
INFO: ContentReplace Behavior ::run [ RunTime:0.000683s ]
INFO: TokenBuild Behavior ::run [ RunTime:0.000685s ]
INFO: WriteHtmlCache Behavior ::run [ RunTime:0.000488s ]
INFO: ShowRuntime Behavior ::run [ RunTime:0.000694s ]
INFO: [ view_filter ] --END-- [ RunTime:0.002734s ]
INFO: [ view_end ] --START--
INFO: ShowPageTrace Behavior ::run [ RunTime:0.000775s ]
INFO: [ view_end ] --END-- [ RunTime:0.000830s ]

[ 2016-05-28T22:03:57+08:00 ] 127.0.0.1 /oceanliao/index.php/Main/Eindex
INFO: [ route_check ] --START--
INFO: CheckRoute Behavior ::run [ RunTime:0.000959s ]
INFO: [ route_check ] --END-- [ RunTime:0.001041s ]
INFO: [ app_begin ] --START--
INFO: ReadHtmlCache Behavior ::run [ RunTime:0.000629s ]
INFO: [ app_begin ] --END-- [ RunTime:0.000695s ]
SQL: SHOW COLUMNS FROM `ocean_message` [ RunTime:0.003919s ]
SQL: SELECT * FROM `ocean_message` ORDER BY id DESC  [ RunTime:0.003774s ]
INFO: [ view_parse ] --START--
INFO: ParseTemplate Behavior ::run [ RunTime:0.010308s ]
INFO: [ view_parse ] --END-- [ RunTime:0.010383s ]
INFO: [ view_filter ] --START--
INFO: ContentReplace Behavior ::run [ RunTime:0.000610s ]
INFO: TokenBuild Behavior ::run [ RunTime:0.000648s ]
INFO: WriteHtmlCache Behavior ::run [ RunTime:0.000462s ]
INFO: ShowRuntime Behavior ::run [ RunTime:0.000777s ]
INFO: [ view_filter ] --END-- [ RunTime:0.002667s ]
INFO: [ view_end ] --START--
INFO: ShowPageTrace Behavior ::run [ RunTime:0.000887s ]
INFO: [ view_end ] --END-- [ RunTime:0.000948s ]

[ 2016-05-28T22:04:13+08:00 ] 127.0.0.1 /oceanliao/index.php/Main/message_more/id/79
INFO: [ route_check ] --START--
INFO: CheckRoute Behavior ::run [ RunTime:0.000844s ]
INFO: [ route_check ] --END-- [ RunTime:0.000915s ]
INFO: [ app_begin ] --START--
INFO: ReadHtmlCache Behavior ::run [ RunTime:0.000633s ]
INFO: [ app_begin ] --END-- [ RunTime:0.000703s ]
SQL: SHOW COLUMNS FROM `ocean_message` [ RunTime:0.003798s ]
SQL: SELECT * FROM `ocean_message` WHERE ( id='79' )  [ RunTime:0.000321s ]
SQL: SHOW COLUMNS FROM `ocean_leave_message` [ RunTime:0.003510s ]
SQL: SELECT * FROM `ocean_leave_message` WHERE ( message_id='79' ) ORDER BY id DESC  [ RunTime:0.000270s ]
INFO: [ view_parse ] --START--
INFO: ParseTemplate Behavior ::run [ RunTime:0.011233s ]
INFO: [ view_parse ] --END-- [ RunTime:0.011301s ]
INFO: [ view_filter ] --START--
INFO: ContentReplace Behavior ::run [ RunTime:0.000691s ]
INFO: TokenBuild Behavior ::run [ RunTime:0.000619s ]
INFO: WriteHtmlCache Behavior ::run [ RunTime:0.000450s ]
INFO: ShowRuntime Behavior ::run [ RunTime:0.000672s ]
INFO: [ view_filter ] --END-- [ RunTime:0.002589s ]
INFO: [ view_end ] --START--
INFO: ShowPageTrace Behavior ::run [ RunTime:0.000798s ]
INFO: [ view_end ] --END-- [ RunTime:0.000854s ]

[ 2016-05-28T22:04:24+08:00 ] 127.0.0.1 /oceanliao/index.php/Main/Eindex
INFO: [ route_check ] --START--
INFO: CheckRoute Behavior ::run [ RunTime:0.001186s ]
INFO: [ route_check ] --END-- [ RunTime:0.001268s ]
INFO: [ app_begin ] --START--
INFO: ReadHtmlCache Behavior ::run [ RunTime:0.000777s ]
INFO: [ app_begin ] --END-- [ RunTime:0.000836s ]
SQL: SHOW COLUMNS FROM `ocean_message` [ RunTime:0.003763s ]
SQL: SELECT * FROM `ocean_message` ORDER BY id DESC  [ RunTime:0.003709s ]
INFO: [ view_parse ] --START--
INFO: ParseTemplate Behavior ::run [ RunTime:0.010667s ]
INFO: [ view_parse ] --END-- [ RunTime:0.010787s ]
INFO: [ view_filter ] --START--
INFO: ContentReplace Behavior ::run [ RunTime:0.000799s ]
INFO: TokenBuild Behavior ::run [ RunTime:0.000678s ]
INFO: WriteHtmlCache Behavior ::run [ RunTime:0.000489s ]
INFO: ShowRuntime Behavior ::run [ RunTime:0.000677s ]
INFO: [ view_filter ] --END-- [ RunTime:0.002817s ]
INFO: [ view_end ] --START--
INFO: ShowPageTrace Behavior ::run [ RunTime:0.000808s ]
INFO: [ view_end ] --END-- [ RunTime:0.000864s ]

[ 2016-05-28T22:04:28+08:00 ] 127.0.0.1 /oceanliao/index.php/Main/message_more/id/80
INFO: [ route_check ] --START--
INFO: CheckRoute Behavior ::run [ RunTime:0.001074s ]
INFO: [ route_check ] --END-- [ RunTime:0.001163s ]
INFO: [ app_begin ] --START--
INFO: ReadHtmlCache Behavior ::run [ RunTime:0.000758s ]
INFO: [ app_begin ] --END-- [ RunTime:0.000815s ]
SQL: SHOW COLUMNS FROM `ocean_message` [ RunTime:0.004040s ]
SQL: SELECT * FROM `ocean_message` WHERE ( id='80' )  [ RunTime:0.000355s ]
SQL: SHOW COLUMNS FROM `ocean_leave_message` [ RunTime:0.003641s ]
SQL: SELECT * FROM `ocean_leave_message` WHERE ( message_id='80' ) ORDER BY id DESC  [ RunTime:0.000252s ]
INFO: [ view_parse ] --START--
INFO: ParseTemplate Behavior ::run [ RunTime:0.011378s ]
INFO: [ view_parse ] --END-- [ RunTime:0.011448s ]
INFO: [ view_filter ] --START--
INFO: ContentReplace Behavior ::run [ RunTime:0.000670s ]
INFO: TokenBuild Behavior ::run [ RunTime:0.000595s ]
INFO: WriteHtmlCache Behavior ::run [ RunTime:0.000444s ]
INFO: ShowRuntime Behavior ::run [ RunTime:0.000637s ]
INFO: [ view_filter ] --END-- [ RunTime:0.002508s ]
INFO: [ view_end ] --START--
INFO: ShowPageTrace Behavior ::run [ RunTime:0.000871s ]
INFO: [ view_end ] --END-- [ RunTime:0.000947s ]

[ 2016-05-28T22:04:29+08:00 ] 127.0.0.1 /oceanliao/index.php/Main/Eindex
INFO: [ route_check ] --START--
INFO: CheckRoute Behavior ::run [ RunTime:0.000929s ]
INFO: [ route_check ] --END-- [ RunTime:0.001007s ]
INFO: [ app_begin ] --START--
INFO: ReadHtmlCache Behavior ::run [ RunTime:0.000756s ]
INFO: [ app_begin ] --END-- [ RunTime:0.000811s ]
SQL: SHOW COLUMNS FROM `ocean_message` [ RunTime:0.003809s ]
SQL: SELECT * FROM `ocean_message` ORDER BY id DESC  [ RunTime:0.004094s ]
INFO: [ view_parse ] --START--
INFO: ParseTemplate Behavior ::run [ RunTime:0.011005s ]
INFO: [ view_parse ] --END-- [ RunTime:0.011088s ]
INFO: [ view_filter ] --START--
INFO: ContentReplace Behavior ::run [ RunTime:0.000703s ]
INFO: TokenBuild Behavior ::run [ RunTime:0.000612s ]
INFO: WriteHtmlCache Behavior ::run [ RunTime:0.000493s ]
INFO: ShowRuntime Behavior ::run [ RunTime:0.000681s ]
INFO: [ view_filter ] --END-- [ RunTime:0.002644s ]
INFO: [ view_end ] --START--
INFO: ShowPageTrace Behavior ::run [ RunTime:0.000648s ]
INFO: [ view_end ] --END-- [ RunTime:0.000702s ]

[ 2016-05-28T22:04:47+08:00 ] 127.0.0.1 /oceanliao/index.php/Main/heart
INFO: [ route_check ] --START--
INFO: CheckRoute Behavior ::run [ RunTime:0.000843s ]
INFO: [ route_check ] --END-- [ RunTime:0.000912s ]
INFO: [ app_begin ] --START--
INFO: ReadHtmlCache Behavior ::run [ RunTime:0.000741s ]
INFO: [ app_begin ] --END-- [ RunTime:0.000796s ]
INFO: [ view_parse ] --START--
INFO: ParseTemplate Behavior ::run [ RunTime:0.008915s ]
INFO: [ view_parse ] --END-- [ RunTime:0.008990s ]
INFO: [ view_filter ] --START--
INFO: ContentReplace Behavior ::run [ RunTime:0.000634s ]
INFO: TokenBuild Behavior ::run [ RunTime:0.000596s ]
INFO: WriteHtmlCache Behavior ::run [ RunTime:0.000447s ]
INFO: ShowRuntime Behavior ::run [ RunTime:0.000632s ]
INFO: [ view_filter ] --END-- [ RunTime:0.002459s ]
INFO: [ view_end ] --START--
INFO: ShowPageTrace Behavior ::run [ RunTime:0.000675s ]
INFO: [ view_end ] --END-- [ RunTime:0.000729s ]

[ 2016-05-28T22:05:53+08:00 ] 127.0.0.1 /oceanliao/index.php/Main/heart
INFO: [ route_check ] --START--
INFO: CheckRoute Behavior ::run [ RunTime:0.001037s ]
INFO: [ route_check ] --END-- [ RunTime:0.001106s ]
INFO: [ app_begin ] --START--
INFO: ReadHtmlCache Behavior ::run [ RunTime:0.000697s ]
INFO: [ app_begin ] --END-- [ RunTime:0.000752s ]
INFO: [ view_parse ] --START--
INFO: ParseTemplate Behavior ::run [ RunTime:0.008686s ]
INFO: [ view_parse ] --END-- [ RunTime:0.008762s ]
INFO: [ view_filter ] --START--
INFO: ContentReplace Behavior ::run [ RunTime:0.000564s ]
INFO: TokenBuild Behavior ::run [ RunTime:0.000588s ]
INFO: WriteHtmlCache Behavior ::run [ RunTime:0.000481s ]
INFO: ShowRuntime Behavior ::run [ RunTime:0.000662s ]
INFO: [ view_filter ] --END-- [ RunTime:0.002448s ]
INFO: [ view_end ] --START--
INFO: ShowPageTrace Behavior ::run [ RunTime:0.000819s ]
INFO: [ view_end ] --END-- [ RunTime:0.000875s ]

[ 2016-05-28T22:06:21+08:00 ] 127.0.0.1 /oceanliao/index.php/Main/heart
INFO: [ route_check ] --START--
INFO: CheckRoute Behavior ::run [ RunTime:0.000878s ]
INFO: [ route_check ] --END-- [ RunTime:0.000951s ]
INFO: [ app_begin ] --START--
INFO: ReadHtmlCache Behavior ::run [ RunTime:0.000744s ]
INFO: [ app_begin ] --END-- [ RunTime:0.000800s ]
INFO: [ view_parse ] --START--
INFO: ParseTemplate Behavior ::run [ RunTime:0.008813s ]
INFO: [ view_parse ] --END-- [ RunTime:0.008887s ]
INFO: [ view_filter ] --START--
INFO: ContentReplace Behavior ::run [ RunTime:0.000627s ]
INFO: TokenBuild Behavior ::run [ RunTime:0.000585s ]
INFO: WriteHtmlCache Behavior ::run [ RunTime:0.000447s ]
INFO: ShowRuntime Behavior ::run [ RunTime:0.000710s ]
INFO: [ view_filter ] --END-- [ RunTime:0.002521s ]
INFO: [ view_end ] --START--
INFO: ShowPageTrace Behavior ::run [ RunTime:0.000700s ]
INFO: [ view_end ] --END-- [ RunTime:0.000755s ]

[ 2016-05-28T22:06:56+08:00 ] 127.0.0.1 /oceanliao/index.php/Main/heart
INFO: [ route_check ] --START--
INFO: CheckRoute Behavior ::run [ RunTime:0.000847s ]
INFO: [ route_check ] --END-- [ RunTime:0.000917s ]
INFO: [ app_begin ] --START--
INFO: ReadHtmlCache Behavior ::run [ RunTime:0.000584s ]
INFO: [ app_begin ] --END-- [ RunTime:0.000639s ]
INFO: [ view_parse ] --START--
INFO: ParseTemplate Behavior ::run [ RunTime:0.008105s ]
INFO: [ view_parse ] --END-- [ RunTime:0.008181s ]
INFO: [ view_filter ] --START--
INFO: ContentReplace Behavior ::run [ RunTime:0.000479s ]
INFO: TokenBuild Behavior ::run [ RunTime:0.000480s ]
INFO: WriteHtmlCache Behavior ::run [ RunTime:0.000443s ]
INFO: ShowRuntime Behavior ::run [ RunTime:0.000664s ]
INFO: [ view_filter ] --END-- [ RunTime:0.002217s ]
INFO: [ view_end ] --START--
INFO: ShowPageTrace Behavior ::run [ RunTime:0.000779s ]
INFO: [ view_end ] --END-- [ RunTime:0.000835s ]

[ 2016-05-28T22:07:48+08:00 ] 127.0.0.1 /oceanliao/index.php/Main/heart
INFO: [ route_check ] --START--
INFO: CheckRoute Behavior ::run [ RunTime:0.001051s ]
INFO: [ route_check ] --END-- [ RunTime:0.001126s ]
INFO: [ app_begin ] --START--
INFO: ReadHtmlCache Behavior ::run [ RunTime:0.000696s ]
INFO: [ app_begin ] --END-- [ RunTime:0.000752s ]
INFO: [ view_parse ] --START--
INFO: ParseTemplate Behavior ::run [ RunTime:0.009080s ]
INFO: [ view_parse ] --END-- [ RunTime:0.009153s ]
INFO: [ view_filter ] --START--
INFO: ContentReplace Behavior ::run [ RunTime:0.000629s ]
INFO: TokenBuild Behavior ::run [ RunTime:0.000591s ]
INFO: WriteHtmlCache Behavior ::run [ RunTime:0.000484s ]
INFO: ShowRuntime Behavior ::run [ RunTime:0.000670s ]
INFO: [ view_filter ] --END-- [ RunTime:0.002524s ]
INFO: [ view_end ] --START--
INFO: ShowPageTrace Behavior ::run [ RunTime:0.000766s ]
INFO: [ view_end ] --END-- [ RunTime:0.000821s ]

[ 2016-05-28T22:07:57+08:00 ] 127.0.0.1 /oceanliao/index.php/Main/heart
INFO: [ route_check ] --START--
INFO: CheckRoute Behavior ::run [ RunTime:0.001135s ]
INFO: [ route_check ] --END-- [ RunTime:0.001211s ]
INFO: [ app_begin ] --START--
INFO: ReadHtmlCache Behavior ::run [ RunTime:0.000719s ]
INFO: [ app_begin ] --END-- [ RunTime:0.000790s ]
INFO: [ view_parse ] --START--
INFO: ParseTemplate Behavior ::run [ RunTime:0.008776s ]
INFO: [ view_parse ] --END-- [ RunTime:0.008846s ]
INFO: [ view_filter ] --START--
INFO: ContentReplace Behavior ::run [ RunTime:0.000590s ]
INFO: TokenBuild Behavior ::run [ RunTime:0.000475s ]
INFO: WriteHtmlCache Behavior ::run [ RunTime:0.000413s ]
INFO: ShowRuntime Behavior ::run [ RunTime:0.000597s ]
INFO: [ view_filter ] --END-- [ RunTime:0.002228s ]
INFO: [ view_end ] --START--
INFO: ShowPageTrace Behavior ::run [ RunTime:0.000770s ]
INFO: [ view_end ] --END-- [ RunTime:0.000828s ]

[ 2016-05-28T22:08:08+08:00 ] 127.0.0.1 /oceanliao/index.php/Main/heart1
INFO: [ route_check ] --START--
INFO: CheckRoute Behavior ::run [ RunTime:0.001318s ]
INFO: [ route_check ] --END-- [ RunTime:0.001444s ]
INFO: [ app_begin ] --START--
INFO: ReadHtmlCache Behavior ::run [ RunTime:0.000714s ]
INFO: [ app_begin ] --END-- [ RunTime:0.000771s ]
NOTIC: [8] Constant THEME_NAME already defined D:\wamp\www\oceanliao\ThinkPHP\Lib\Core\View.class.php 第 223 行.
NOTIC: [8] Constant THEME_PATH already defined D:\wamp\www\oceanliao\ThinkPHP\Lib\Core\View.class.php 第 174 行.
NOTIC: [8] Constant APP_TMPL_PATH already defined D:\wamp\www\oceanliao\ThinkPHP\Lib\Core\View.class.php 第 175 行.
INFO: [ view_parse ] --START--
INFO: ParseTemplate Behavior ::run [ RunTime:0.011976s ]
INFO: [ view_parse ] --END-- [ RunTime:0.012067s ]
INFO: [ view_filter ] --START--
INFO: ContentReplace Behavior ::run [ RunTime:0.000629s ]
INFO: TokenBuild Behavior ::run [ RunTime:0.000591s ]
INFO: WriteHtmlCache Behavior ::run [ RunTime:0.000483s ]
INFO: ShowRuntime Behavior ::run [ RunTime:0.000676s ]
INFO: [ view_filter ] --END-- [ RunTime:0.002545s ]
INFO: [ view_end ] --START--
INFO: ShowPageTrace Behavior ::run [ RunTime:0.000818s ]
INFO: [ view_end ] --END-- [ RunTime:0.000875s ]

[ 2016-05-28T22:08:52+08:00 ] 127.0.0.1 /oceanliao/index.php/Main/heart
INFO: [ route_check ] --START--
INFO: CheckRoute Behavior ::run [ RunTime:0.000875s ]
INFO: [ route_check ] --END-- [ RunTime:0.000958s ]
INFO: [ app_begin ] --START--
INFO: ReadHtmlCache Behavior ::run [ RunTime:0.000599s ]
INFO: [ app_begin ] --END-- [ RunTime:0.000656s ]
INFO: [ view_parse ] --START--
INFO: ParseTemplate Behavior ::run [ RunTime:0.008906s ]
INFO: [ view_parse ] --END-- [ RunTime:0.008990s ]
INFO: [ view_filter ] --START--
INFO: ContentReplace Behavior ::run [ RunTime:0.000637s ]
INFO: TokenBuild Behavior ::run [ RunTime:0.000587s ]
INFO: WriteHtmlCache Behavior ::run [ RunTime:0.000443s ]
INFO: ShowRuntime Behavior ::run [ RunTime:0.000513s ]
INFO: [ view_filter ] --END-- [ RunTime:0.002332s ]
INFO: [ view_end ] --START--
INFO: ShowPageTrace Behavior ::run [ RunTime:0.000665s ]
INFO: [ view_end ] --END-- [ RunTime:0.000721s ]

[ 2016-05-28T22:08:56+08:00 ] 127.0.0.1 /oceanliao/index.php/Main/Eindex
INFO: [ route_check ] --START--
INFO: CheckRoute Behavior ::run [ RunTime:0.001095s ]
INFO: [ route_check ] --END-- [ RunTime:0.001194s ]
INFO: [ app_begin ] --START--
INFO: ReadHtmlCache Behavior ::run [ RunTime:0.000594s ]
INFO: [ app_begin ] --END-- [ RunTime:0.000649s ]
SQL: SHOW COLUMNS FROM `ocean_message` [ RunTime:0.003874s ]
SQL: SELECT * FROM `ocean_message` ORDER BY id DESC  [ RunTime:0.003976s ]
INFO: [ view_parse ] --START--
INFO: ParseTemplate Behavior ::run [ RunTime:0.010141s ]
INFO: [ view_parse ] --END-- [ RunTime:0.010219s ]
INFO: [ view_filter ] --START--
INFO: ContentReplace Behavior ::run [ RunTime:0.000768s ]
INFO: TokenBuild Behavior ::run [ RunTime:0.000730s ]
INFO: WriteHtmlCache Behavior ::run [ RunTime:0.000462s ]
INFO: ShowRuntime Behavior ::run [ RunTime:0.000520s ]
INFO: [ view_filter ] --END-- [ RunTime:0.002646s ]
INFO: [ view_end ] --START--
INFO: ShowPageTrace Behavior ::run [ RunTime:0.000647s ]
INFO: [ view_end ] --END-- [ RunTime:0.000704s ]

[ 2016-05-28T22:11:32+08:00 ] 127.0.0.1 /oceanliao/index.php/Main/Eindex
INFO: [ route_check ] --START--
INFO: CheckRoute Behavior ::run [ RunTime:0.001099s ]
INFO: [ route_check ] --END-- [ RunTime:0.001183s ]
INFO: [ app_begin ] --START--
INFO: ReadHtmlCache Behavior ::run [ RunTime:0.000752s ]
INFO: [ app_begin ] --END-- [ RunTime:0.000820s ]
SQL: SHOW COLUMNS FROM `ocean_message` [ RunTime:0.003877s ]
SQL: SELECT * FROM `ocean_message` ORDER BY id DESC  [ RunTime:0.004073s ]
INFO: [ view_parse ] --START--
INFO: ParseTemplate Behavior ::run [ RunTime:0.009959s ]
INFO: [ view_parse ] --END-- [ RunTime:0.010043s ]
INFO: [ view_filter ] --START--
INFO: ContentReplace Behavior ::run [ RunTime:0.000593s ]
INFO: TokenBuild Behavior ::run [ RunTime:0.000519s ]
INFO: WriteHtmlCache Behavior ::run [ RunTime:0.000410s ]
INFO: ShowRuntime Behavior ::run [ RunTime:0.000881s ]
INFO: [ view_filter ] --END-- [ RunTime:0.002559s ]
INFO: [ view_end ] --START--
INFO: ShowPageTrace Behavior ::run [ RunTime:0.000751s ]
INFO: [ view_end ] --END-- [ RunTime:0.000806s ]

[ 2016-05-28T22:11:51+08:00 ] 127.0.0.1 /oceanliao/index.php/Main/Eindex
INFO: [ route_check ] --START--
INFO: CheckRoute Behavior ::run [ RunTime:0.001294s ]
INFO: [ route_check ] --END-- [ RunTime:0.001381s ]
INFO: [ app_begin ] --START--
INFO: ReadHtmlCache Behavior ::run [ RunTime:0.000730s ]
INFO: [ app_begin ] --END-- [ RunTime:0.000799s ]
SQL: SHOW COLUMNS FROM `ocean_message` [ RunTime:0.003878s ]
SQL: SELECT * FROM `ocean_message` ORDER BY id DESC  [ RunTime:0.004432s ]
INFO: [ view_parse ] --START--
INFO: ParseTemplate Behavior ::run [ RunTime:0.010505s ]
INFO: [ view_parse ] --END-- [ RunTime:0.010587s ]
INFO: [ view_filter ] --START--
INFO: ContentReplace Behavior ::run [ RunTime:0.000646s ]
INFO: TokenBuild Behavior ::run [ RunTime:0.000595s ]
INFO: WriteHtmlCache Behavior ::run [ RunTime:0.000479s ]
INFO: ShowRuntime Behavior ::run [ RunTime:0.000598s ]
INFO: [ view_filter ] --END-- [ RunTime:0.002469s ]
INFO: [ view_end ] --START--
INFO: ShowPageTrace Behavior ::run [ RunTime:0.000798s ]
INFO: [ view_end ] --END-- [ RunTime:0.000853s ]

[ 2016-05-28T22:12:35+08:00 ] 127.0.0.1 /oceanliao/index.php/Main/Eindex
INFO: [ route_check ] --START--
INFO: CheckRoute Behavior ::run [ RunTime:0.001033s ]
INFO: [ route_check ] --END-- [ RunTime:0.001102s ]
INFO: [ app_begin ] --START--
INFO: ReadHtmlCache Behavior ::run [ RunTime:0.000665s ]
INFO: [ app_begin ] --END-- [ RunTime:0.000722s ]
SQL: SHOW COLUMNS FROM `ocean_message` [ RunTime:0.003899s ]
SQL: SELECT * FROM `ocean_message` ORDER BY id DESC  [ RunTime:0.003822s ]
INFO: [ view_parse ] --START--
INFO: ParseTemplate Behavior ::run [ RunTime:0.010403s ]
INFO: [ view_parse ] --END-- [ RunTime:0.010482s ]
INFO: [ view_filter ] --START--
INFO: ContentReplace Behavior ::run [ RunTime:0.000644s ]
INFO: TokenBuild Behavior ::run [ RunTime:0.000589s ]
INFO: WriteHtmlCache Behavior ::run [ RunTime:0.000476s ]
INFO: ShowRuntime Behavior ::run [ RunTime:0.000596s ]
INFO: [ view_filter ] --END-- [ RunTime:0.002459s ]
INFO: [ view_end ] --START--
INFO: ShowPageTrace Behavior ::run [ RunTime:0.000724s ]
INFO: [ view_end ] --END-- [ RunTime:0.000779s ]

[ 2016-05-28T22:13:24+08:00 ] 127.0.0.1 /oceanliao/index.php/Main/Eindex
INFO: [ route_check ] --START--
INFO: CheckRoute Behavior ::run [ RunTime:0.000858s ]
INFO: [ route_check ] --END-- [ RunTime:0.000930s ]
INFO: [ app_begin ] --START--
INFO: ReadHtmlCache Behavior ::run [ RunTime:0.000593s ]
INFO: [ app_begin ] --END-- [ RunTime:0.000649s ]
SQL: SHOW COLUMNS FROM `ocean_message` [ RunTime:0.003890s ]
SQL: SELECT * FROM `ocean_message` ORDER BY id DESC  [ RunTime:0.003837s ]
INFO: [ view_parse ] --START--
INFO: ParseTemplate Behavior ::run [ RunTime:0.010454s ]
INFO: [ view_parse ] --END-- [ RunTime:0.010532s ]
INFO: [ view_filter ] --START--
INFO: ContentReplace Behavior ::run [ RunTime:0.000749s ]
INFO: TokenBuild Behavior ::run [ RunTime:0.000851s ]
INFO: WriteHtmlCache Behavior ::run [ RunTime:0.000501s ]
INFO: ShowRuntime Behavior ::run [ RunTime:0.001221s ]
INFO: [ view_filter ] --END-- [ RunTime:0.003489s ]
INFO: [ view_end ] --START--
INFO: ShowPageTrace Behavior ::run [ RunTime:0.000733s ]
INFO: [ view_end ] --END-- [ RunTime:0.000789s ]

[ 2016-05-28T22:16:51+08:00 ] 127.0.0.1 /oceanliao/index.php/Main/Eindex
INFO: [ route_check ] --START--
INFO: CheckRoute Behavior ::run [ RunTime:0.001123s ]
INFO: [ route_check ] --END-- [ RunTime:0.001195s ]
INFO: [ app_begin ] --START--
INFO: ReadHtmlCache Behavior ::run [ RunTime:0.000673s ]
INFO: [ app_begin ] --END-- [ RunTime:0.000730s ]
SQL: SHOW COLUMNS FROM `ocean_message` [ RunTime:0.003742s ]
SQL: SELECT * FROM `ocean_message` ORDER BY id DESC  [ RunTime:0.004062s ]
INFO: [ view_parse ] --START--
INFO: ParseTemplate Behavior ::run [ RunTime:0.010247s ]
INFO: [ view_parse ] --END-- [ RunTime:0.010327s ]
INFO: [ view_filter ] --START--
INFO: ContentReplace Behavior ::run [ RunTime:0.000654s ]
INFO: TokenBuild Behavior ::run [ RunTime:0.000592s ]
INFO: WriteHtmlCache Behavior ::run [ RunTime:0.000477s ]
INFO: ShowRuntime Behavior ::run [ RunTime:0.000596s ]
INFO: [ view_filter ] --END-- [ RunTime:0.002472s ]
INFO: [ view_end ] --START--
INFO: ShowPageTrace Behavior ::run [ RunTime:0.000732s ]
INFO: [ view_end ] --END-- [ RunTime:0.000787s ]

[ 2016-05-28T22:17:22+08:00 ] 127.0.0.1 /oceanliao/index.php/Main/Eindex
INFO: [ route_check ] --START--
INFO: CheckRoute Behavior ::run [ RunTime:0.001046s ]
INFO: [ route_check ] --END-- [ RunTime:0.001119s ]
INFO: [ app_begin ] --START--
INFO: ReadHtmlCache Behavior ::run [ RunTime:0.000670s ]
INFO: [ app_begin ] --END-- [ RunTime:0.000726s ]
SQL: SHOW COLUMNS FROM `ocean_message` [ RunTime:0.004251s ]
SQL: SELECT * FROM `ocean_message` ORDER BY id DESC  [ RunTime:0.004136s ]
INFO: [ view_parse ] --START--
INFO: ParseTemplate Behavior ::run [ RunTime:0.009979s ]
INFO: [ view_parse ] --END-- [ RunTime:0.010054s ]
INFO: [ view_filter ] --START--
INFO: ContentReplace Behavior ::run [ RunTime:0.000577s ]
INFO: TokenBuild Behavior ::run [ RunTime:0.000522s ]
INFO: WriteHtmlCache Behavior ::run [ RunTime:0.000415s ]
INFO: ShowRuntime Behavior ::run [ RunTime:0.000601s ]
INFO: [ view_filter ] --END-- [ RunTime:0.002267s ]
INFO: [ view_end ] --START--
INFO: ShowPageTrace Behavior ::run [ RunTime:0.000731s ]
INFO: [ view_end ] --END-- [ RunTime:0.000785s ]

[ 2016-05-28T22:17:30+08:00 ] 127.0.0.1 /oceanliao/index.php/Main/Eindex
INFO: [ route_check ] --START--
INFO: CheckRoute Behavior ::run [ RunTime:0.000852s ]
INFO: [ route_check ] --END-- [ RunTime:0.000922s ]
INFO: [ app_begin ] --START--
INFO: ReadHtmlCache Behavior ::run [ RunTime:0.000627s ]
INFO: [ app_begin ] --END-- [ RunTime:0.000703s ]
SQL: SHOW COLUMNS FROM `ocean_message` [ RunTime:0.003801s ]
SQL: SELECT * FROM `ocean_message` ORDER BY id DESC  [ RunTime:0.003815s ]
INFO: [ view_parse ] --START--
INFO: ParseTemplate Behavior ::run [ RunTime:0.009791s ]
INFO: [ view_parse ] --END-- [ RunTime:0.009869s ]
INFO: [ view_filter ] --START--
INFO: ContentReplace Behavior ::run [ RunTime:0.000609s ]
INFO: TokenBuild Behavior ::run [ RunTime:0.000590s ]
INFO: WriteHtmlCache Behavior ::run [ RunTime:0.000438s ]
INFO: ShowRuntime Behavior ::run [ RunTime:0.000532s ]
INFO: [ view_filter ] --END-- [ RunTime:0.002329s ]
INFO: [ view_end ] --START--
INFO: ShowPageTrace Behavior ::run [ RunTime:0.000651s ]
INFO: [ view_end ] --END-- [ RunTime:0.000706s ]

[ 2016-05-28T22:17:57+08:00 ] 127.0.0.1 /oceanliao/index.php/Main/Eindex
INFO: [ route_check ] --START--
INFO: CheckRoute Behavior ::run [ RunTime:0.000846s ]
INFO: [ route_check ] --END-- [ RunTime:0.000917s ]
INFO: [ app_begin ] --START--
INFO: ReadHtmlCache Behavior ::run [ RunTime:0.000587s ]
INFO: [ app_begin ] --END-- [ RunTime:0.000643s ]
SQL: SHOW COLUMNS FROM `ocean_message` [ RunTime:0.003944s ]
SQL: SELECT * FROM `ocean_message` ORDER BY id DESC  [ RunTime:0.003757s ]
INFO: [ view_parse ] --START--
INFO: ParseTemplate Behavior ::run [ RunTime:0.009544s ]
INFO: [ view_parse ] --END-- [ RunTime:0.009618s ]
INFO: [ view_filter ] --START--
INFO: ContentReplace Behavior ::run [ RunTime:0.000489s ]
INFO: TokenBuild Behavior ::run [ RunTime:0.000449s ]
INFO: WriteHtmlCache Behavior ::run [ RunTime:0.000324s ]
INFO: ShowRuntime Behavior ::run [ RunTime:0.000520s ]
INFO: [ view_filter ] --END-- [ RunTime:0.001934s ]
INFO: [ view_end ] --START--
INFO: ShowPageTrace Behavior ::run [ RunTime:0.000642s ]
INFO: [ view_end ] --END-- [ RunTime:0.000696s ]

[ 2016-05-28T22:18:57+08:00 ] 127.0.0.1 /oceanliao/index.php/Main/Eindex
INFO: [ route_check ] --START--
INFO: CheckRoute Behavior ::run [ RunTime:0.001031s ]
INFO: [ route_check ] --END-- [ RunTime:0.001102s ]
INFO: [ app_begin ] --START--
INFO: ReadHtmlCache Behavior ::run [ RunTime:0.000736s ]
INFO: [ app_begin ] --END-- [ RunTime:0.000809s ]
SQL: SHOW COLUMNS FROM `ocean_message` [ RunTime:0.003758s ]
SQL: SELECT * FROM `ocean_message` ORDER BY id DESC  [ RunTime:0.003673s ]
INFO: [ view_parse ] --START--
INFO: ParseTemplate Behavior ::run [ RunTime:0.009851s ]
INFO: [ view_parse ] --END-- [ RunTime:0.009923s ]
INFO: [ view_filter ] --START--
INFO: ContentReplace Behavior ::run [ RunTime:0.000574s ]
INFO: TokenBuild Behavior ::run [ RunTime:0.000685s ]
INFO: WriteHtmlCache Behavior ::run [ RunTime:0.000545s ]
INFO: ShowRuntime Behavior ::run [ RunTime:0.000637s ]
INFO: [ view_filter ] --END-- [ RunTime:0.002626s ]
INFO: [ view_end ] --START--
INFO: ShowPageTrace Behavior ::run [ RunTime:0.000840s ]
INFO: [ view_end ] --END-- [ RunTime:0.000895s ]

[ 2016-05-28T22:19:02+08:00 ] 127.0.0.1 /oceanliao/index.php/Main/all
INFO: [ route_check ] --START--
INFO: CheckRoute Behavior ::run [ RunTime:0.000860s ]
INFO: [ route_check ] --END-- [ RunTime:0.000933s ]
INFO: [ app_begin ] --START--
INFO: ReadHtmlCache Behavior ::run [ RunTime:0.000585s ]
INFO: [ app_begin ] --END-- [ RunTime:0.000641s ]
SQL: SHOW COLUMNS FROM `ocean_message` [ RunTime:0.003809s ]
SQL: SELECT * FROM `ocean_message` ORDER BY id DESC  [ RunTime:0.003936s ]
INFO: [ view_parse ] --START--
INFO: ParseTemplate Behavior ::run [ RunTime:0.010643s ]
INFO: [ view_parse ] --END-- [ RunTime:0.010720s ]
INFO: [ view_filter ] --START--
INFO: ContentReplace Behavior ::run [ RunTime:0.000803s ]
INFO: TokenBuild Behavior ::run [ RunTime:0.000454s ]
INFO: WriteHtmlCache Behavior ::run [ RunTime:0.000336s ]
INFO: ShowRuntime Behavior ::run [ RunTime:0.000563s ]
INFO: [ view_filter ] --END-- [ RunTime:0.002306s ]
INFO: [ view_end ] --START--
INFO: ShowPageTrace Behavior ::run [ RunTime:0.000820s ]
INFO: [ view_end ] --END-- [ RunTime:0.000892s ]

[ 2016-05-28T22:19:57+08:00 ] 127.0.0.1 /oceanliao/index.php/Main/Eindex
INFO: [ route_check ] --START--
INFO: CheckRoute Behavior ::run [ RunTime:0.000851s ]
INFO: [ route_check ] --END-- [ RunTime:0.000931s ]
INFO: [ app_begin ] --START--
INFO: ReadHtmlCache Behavior ::run [ RunTime:0.000602s ]
INFO: [ app_begin ] --END-- [ RunTime:0.000658s ]
SQL: SHOW COLUMNS FROM `ocean_message` [ RunTime:0.003968s ]
SQL: SELECT * FROM `ocean_message` ORDER BY id DESC  [ RunTime:0.004011s ]
INFO: [ view_parse ] --START--
INFO: ParseTemplate Behavior ::run [ RunTime:0.009754s ]
INFO: [ view_parse ] --END-- [ RunTime:0.009832s ]
INFO: [ view_filter ] --START--
INFO: ContentReplace Behavior ::run [ RunTime:0.000528s ]
INFO: TokenBuild Behavior ::run [ RunTime:0.000447s ]
INFO: WriteHtmlCache Behavior ::run [ RunTime:0.000324s ]
INFO: ShowRuntime Behavior ::run [ RunTime:0.000553s ]
INFO: [ view_filter ] --END-- [ RunTime:0.002017s ]
INFO: [ view_end ] --START--
INFO: ShowPageTrace Behavior ::run [ RunTime:0.000701s ]
INFO: [ view_end ] --END-- [ RunTime:0.000756s ]

[ 2016-05-28T22:20:25+08:00 ] 127.0.0.1 /oceanliao/index.php/Main/heart
INFO: [ route_check ] --START--
INFO: CheckRoute Behavior ::run [ RunTime:0.001062s ]
INFO: [ route_check ] --END-- [ RunTime:0.001135s ]
INFO: [ app_begin ] --START--
INFO: ReadHtmlCache Behavior ::run [ RunTime:0.000675s ]
INFO: [ app_begin ] --END-- [ RunTime:0.000731s ]
INFO: [ view_parse ] --START--
INFO: ParseTemplate Behavior ::run [ RunTime:0.008890s ]
INFO: [ view_parse ] --END-- [ RunTime:0.008986s ]
INFO: [ view_filter ] --START--
INFO: ContentReplace Behavior ::run [ RunTime:0.000682s ]
INFO: TokenBuild Behavior ::run [ RunTime:0.000536s ]
INFO: WriteHtmlCache Behavior ::run [ RunTime:0.000411s ]
INFO: ShowRuntime Behavior ::run [ RunTime:0.000603s ]
INFO: [ view_filter ] --END-- [ RunTime:0.002387s ]
INFO: [ view_end ] --START--
INFO: ShowPageTrace Behavior ::run [ RunTime:0.000763s ]
INFO: [ view_end ] --END-- [ RunTime:0.000818s ]

[ 2016-05-28T22:21:01+08:00 ] 127.0.0.1 /oceanliao/index.php/Main/heart
INFO: [ route_check ] --START--
INFO: CheckRoute Behavior ::run [ RunTime:0.001051s ]
INFO: [ route_check ] --END-- [ RunTime:0.001120s ]
INFO: [ app_begin ] --START--
INFO: ReadHtmlCache Behavior ::run [ RunTime:0.000691s ]
INFO: [ app_begin ] --END-- [ RunTime:0.000749s ]
INFO: [ view_parse ] --START--
INFO: ParseTemplate Behavior ::run [ RunTime:0.008969s ]
INFO: [ view_parse ] --END-- [ RunTime:0.009035s ]
INFO: [ view_filter ] --START--
INFO: ContentReplace Behavior ::run [ RunTime:0.000564s ]
INFO: TokenBuild Behavior ::run [ RunTime:0.000534s ]
INFO: WriteHtmlCache Behavior ::run [ RunTime:0.000412s ]
INFO: ShowRuntime Behavior ::run [ RunTime:0.000594s ]
INFO: [ view_filter ] --END-- [ RunTime:0.002255s ]
INFO: [ view_end ] --START--
INFO: ShowPageTrace Behavior ::run [ RunTime:0.000743s ]
INFO: [ view_end ] --END-- [ RunTime:0.000799s ]

[ 2016-05-28T22:21:52+08:00 ] 127.0.0.1 /oceanliao/index.php/Main/heart
INFO: [ route_check ] --START--
INFO: CheckRoute Behavior ::run [ RunTime:0.000843s ]
INFO: [ route_check ] --END-- [ RunTime:0.000911s ]
INFO: [ app_begin ] --START--
INFO: ReadHtmlCache Behavior ::run [ RunTime:0.000583s ]
INFO: [ app_begin ] --END-- [ RunTime:0.000638s ]
INFO: [ view_parse ] --START--
INFO: ParseTemplate Behavior ::run [ RunTime:0.008024s ]
INFO: [ view_parse ] --END-- [ RunTime:0.008092s ]
INFO: [ view_filter ] --START--
INFO: ContentReplace Behavior ::run [ RunTime:0.000515s ]
INFO: TokenBuild Behavior ::run [ RunTime:0.000442s ]
INFO: WriteHtmlCache Behavior ::run [ RunTime:0.000326s ]
INFO: ShowRuntime Behavior ::run [ RunTime:0.000508s ]
INFO: [ view_filter ] --END-- [ RunTime:0.001942s ]
INFO: [ view_end ] --START--
INFO: ShowPageTrace Behavior ::run [ RunTime:0.000662s ]
INFO: [ view_end ] --END-- [ RunTime:0.000717s ]

[ 2016-05-28T22:23:57+08:00 ] 127.0.0.1 /oceanliao/index.php/Main/heart
INFO: [ route_check ] --START--
INFO: CheckRoute Behavior ::run [ RunTime:0.001035s ]
INFO: [ route_check ] --END-- [ RunTime:0.001105s ]
INFO: [ app_begin ] --START--
INFO: ReadHtmlCache Behavior ::run [ RunTime:0.000688s ]
INFO: [ app_begin ] --END-- [ RunTime:0.000745s ]
INFO: [ view_parse ] --START--
INFO: ParseTemplate Behavior ::run [ RunTime:0.008714s ]
INFO: [ view_parse ] --END-- [ RunTime:0.008788s ]
INFO: [ view_filter ] --START--
INFO: ContentReplace Behavior ::run [ RunTime:0.000555s ]
INFO: TokenBuild Behavior ::run [ RunTime:0.000516s ]
INFO: WriteHtmlCache Behavior ::run [ RunTime:0.000407s ]
INFO: ShowRuntime Behavior ::run [ RunTime:0.000594s ]
INFO: [ view_filter ] --END-- [ RunTime:0.002224s ]
INFO: [ view_end ] --START--
INFO: ShowPageTrace Behavior ::run [ RunTime:0.000748s ]
INFO: [ view_end ] --END-- [ RunTime:0.000803s ]

[ 2016-05-28T22:24:07+08:00 ] 127.0.0.1 /oceanliao/index.php/Main/heart
INFO: [ route_check ] --START--
INFO: CheckRoute Behavior ::run [ RunTime:0.000848s ]
INFO: [ route_check ] --END-- [ RunTime:0.000917s ]
INFO: [ app_begin ] --START--
INFO: ReadHtmlCache Behavior ::run [ RunTime:0.000585s ]
INFO: [ app_begin ] --END-- [ RunTime:0.000640s ]
INFO: [ view_parse ] --START--
INFO: ParseTemplate Behavior ::run [ RunTime:0.008008s ]
INFO: [ view_parse ] --END-- [ RunTime:0.008073s ]
INFO: [ view_filter ] --START--
INFO: ContentReplace Behavior ::run [ RunTime:0.000476s ]
INFO: TokenBuild Behavior ::run [ RunTime:0.000439s ]
INFO: WriteHtmlCache Behavior ::run [ RunTime:0.000325s ]
INFO: ShowRuntime Behavior ::run [ RunTime:0.000513s ]
INFO: [ view_filter ] --END-- [ RunTime:0.001904s ]
INFO: [ view_end ] --START--
INFO: ShowPageTrace Behavior ::run [ RunTime:0.000660s ]
INFO: [ view_end ] --END-- [ RunTime:0.000715s ]

[ 2016-05-28T22:24:15+08:00 ] 127.0.0.1 /oceanliao/index.php/Main/heart
INFO: [ route_check ] --START--
INFO: CheckRoute Behavior ::run [ RunTime:0.001031s ]
INFO: [ route_check ] --END-- [ RunTime:0.001101s ]
INFO: [ app_begin ] --START--
INFO: ReadHtmlCache Behavior ::run [ RunTime:0.000703s ]
INFO: [ app_begin ] --END-- [ RunTime:0.000760s ]
INFO: [ view_parse ] --START--
INFO: ParseTemplate Behavior ::run [ RunTime:0.008690s ]
INFO: [ view_parse ] --END-- [ RunTime:0.008754s ]
INFO: [ view_filter ] --START--
INFO: ContentReplace Behavior ::run [ RunTime:0.000555s ]
INFO: TokenBuild Behavior ::run [ RunTime:0.000517s ]
INFO: WriteHtmlCache Behavior ::run [ RunTime:0.000417s ]
INFO: ShowRuntime Behavior ::run [ RunTime:0.000612s ]
INFO: [ view_filter ] --END-- [ RunTime:0.002253s ]
INFO: [ view_end ] --START--
INFO: ShowPageTrace Behavior ::run [ RunTime:0.000756s ]
INFO: [ view_end ] --END-- [ RunTime:0.000811s ]

[ 2016-05-28T22:24:57+08:00 ] 127.0.0.1 /oceanliao/index.php/Main/heart
INFO: [ route_check ] --START--
INFO: CheckRoute Behavior ::run [ RunTime:0.001164s ]
INFO: [ route_check ] --END-- [ RunTime:0.001232s ]
INFO: [ app_begin ] --START--
INFO: ReadHtmlCache Behavior ::run [ RunTime:0.000734s ]
INFO: [ app_begin ] --END-- [ RunTime:0.000789s ]
INFO: [ view_parse ] --START--
INFO: ParseTemplate Behavior ::run [ RunTime:0.009572s ]
INFO: [ view_parse ] --END-- [ RunTime:0.009636s ]
INFO: [ view_filter ] --START--
INFO: ContentReplace Behavior ::run [ RunTime:0.000622s ]
INFO: TokenBuild Behavior ::run [ RunTime:0.000584s ]
INFO: WriteHtmlCache Behavior ::run [ RunTime:0.000487s ]
INFO: ShowRuntime Behavior ::run [ RunTime:0.000666s ]
INFO: [ view_filter ] --END-- [ RunTime:0.002510s ]
INFO: [ view_end ] --START--
INFO: ShowPageTrace Behavior ::run [ RunTime:0.000814s ]
INFO: [ view_end ] --END-- [ RunTime:0.000869s ]

[ 2016-05-28T22:25:01+08:00 ] 127.0.0.1 /oceanliao/index.php/Main/heart
INFO: [ route_check ] --START--
INFO: CheckRoute Behavior ::run [ RunTime:0.000968s ]
INFO: [ route_check ] --END-- [ RunTime:0.001040s ]
INFO: [ app_begin ] --START--
INFO: ReadHtmlCache Behavior ::run [ RunTime:0.000759s ]
INFO: [ app_begin ] --END-- [ RunTime:0.000816s ]
INFO: [ view_parse ] --START--
INFO: ParseTemplate Behavior ::run [ RunTime:0.009560s ]
INFO: [ view_parse ] --END-- [ RunTime:0.009624s ]
INFO: [ view_filter ] --START--
INFO: ContentReplace Behavior ::run [ RunTime:0.000626s ]
INFO: TokenBuild Behavior ::run [ RunTime:0.000585s ]
INFO: WriteHtmlCache Behavior ::run [ RunTime:0.000441s ]
INFO: ShowRuntime Behavior ::run [ RunTime:0.000681s ]
INFO: [ view_filter ] --END-- [ RunTime:0.002509s ]
INFO: [ view_end ] --START--
INFO: ShowPageTrace Behavior ::run [ RunTime:0.000871s ]
INFO: [ view_end ] --END-- [ RunTime:0.000930s ]

[ 2016-05-28T22:25:19+08:00 ] 127.0.0.1 /oceanliao/index.php/Main/heart
INFO: [ route_check ] --START--
INFO: CheckRoute Behavior ::run [ RunTime:0.000962s ]
INFO: [ route_check ] --END-- [ RunTime:0.001031s ]
INFO: [ app_begin ] --START--
INFO: ReadHtmlCache Behavior ::run [ RunTime:0.000841s ]
INFO: [ app_begin ] --END-- [ RunTime:0.000918s ]
INFO: [ view_parse ] --START--
INFO: ParseTemplate Behavior ::run [ RunTime:0.009387s ]
INFO: [ view_parse ] --END-- [ RunTime:0.009459s ]
INFO: [ view_filter ] --START--
INFO: ContentReplace Behavior ::run [ RunTime:0.000636s ]
INFO: TokenBuild Behavior ::run [ RunTime:0.000586s ]
INFO: WriteHtmlCache Behavior ::run [ RunTime:0.000439s ]
INFO: ShowRuntime Behavior ::run [ RunTime:0.000672s ]
INFO: [ view_filter ] --END-- [ RunTime:0.002483s ]
INFO: [ view_end ] --START--
INFO: ShowPageTrace Behavior ::run [ RunTime:0.000824s ]
INFO: [ view_end ] --END-- [ RunTime:0.000879s ]

[ 2016-05-28T22:25:29+08:00 ] 127.0.0.1 /oceanliao/index.php/Main/Eindex
INFO: [ route_check ] --START--
INFO: CheckRoute Behavior ::run [ RunTime:0.000852s ]
INFO: [ route_check ] --END-- [ RunTime:0.000926s ]
INFO: [ app_begin ] --START--
INFO: ReadHtmlCache Behavior ::run [ RunTime:0.000610s ]
INFO: [ app_begin ] --END-- [ RunTime:0.000665s ]
SQL: SHOW COLUMNS FROM `ocean_message` [ RunTime:0.003791s ]
SQL: SELECT * FROM `ocean_message` ORDER BY id DESC  [ RunTime:0.003778s ]
INFO: [ view_parse ] --START--
INFO: ParseTemplate Behavior ::run [ RunTime:0.009761s ]
INFO: [ view_parse ] --END-- [ RunTime:0.009840s ]
INFO: [ view_filter ] --START--
INFO: ContentReplace Behavior ::run [ RunTime:0.000494s ]
INFO: TokenBuild Behavior ::run [ RunTime:0.000436s ]
INFO: WriteHtmlCache Behavior ::run [ RunTime:0.000325s ]
INFO: ShowRuntime Behavior ::run [ RunTime:0.000515s ]
INFO: [ view_filter ] --END-- [ RunTime:0.001923s ]
INFO: [ view_end ] --START--
INFO: ShowPageTrace Behavior ::run [ RunTime:0.000641s ]
INFO: [ view_end ] --END-- [ RunTime:0.000695s ]

[ 2016-05-28T22:27:39+08:00 ] 127.0.0.1 /oceanliao/index.php/Main/Eindex
INFO: [ route_check ] --START--
INFO: CheckRoute Behavior ::run [ RunTime:0.001273s ]
INFO: [ route_check ] --END-- [ RunTime:0.001341s ]
INFO: [ app_begin ] --START--
INFO: ReadHtmlCache Behavior ::run [ RunTime:0.000858s ]
INFO: [ app_begin ] --END-- [ RunTime:0.000915s ]
SQL: SHOW COLUMNS FROM `ocean_message` [ RunTime:0.004090s ]
SQL: SELECT * FROM `ocean_message` ORDER BY id DESC  [ RunTime:0.004000s ]
INFO: [ view_parse ] --START--
INFO: ParseTemplate Behavior ::run [ RunTime:0.018511s ]
INFO: [ view_parse ] --END-- [ RunTime:0.018589s ]
INFO: [ view_filter ] --START--
INFO: ContentReplace Behavior ::run [ RunTime:0.000757s ]
INFO: TokenBuild Behavior ::run [ RunTime:0.000703s ]
INFO: WriteHtmlCache Behavior ::run [ RunTime:0.000575s ]
INFO: ShowRuntime Behavior ::run [ RunTime:0.000765s ]
INFO: [ view_filter ] --END-- [ RunTime:0.002954s ]
INFO: [ view_end ] --START--
INFO: ShowPageTrace Behavior ::run [ RunTime:0.000894s ]
INFO: [ view_end ] --END-- [ RunTime:0.000949s ]

