[ 2016-03-30T23:15:44+08:00 ] 127.0.0.1 /oceanliao/
INFO: [ app_begin ] --START--
INFO: ReadHtmlCache Behavior ::run [ RunTime:0.011374s ]
INFO: [ app_begin ] --END-- [ RunTime:0.011455s ]

[ 2016-03-30T23:15:44+08:00 ] 127.0.0.1 /oceanliao/index.php/Main/Eindex.html
INFO: [ route_check ] --START--
INFO: CheckRoute Behavior ::run [ RunTime:0.004146s ]
INFO: [ route_check ] --END-- [ RunTime:0.004226s ]
INFO: [ app_begin ] --START--
INFO: ReadHtmlCache Behavior ::run [ RunTime:0.000616s ]
INFO: [ app_begin ] --END-- [ RunTime:0.000671s ]
SQL: SHOW COLUMNS FROM `ocean_message` [ RunTime:0.005867s ]
SQL: SELECT * FROM `ocean_message` ORDER BY id DESC  [ RunTime:0.008971s ]
INFO: [ view_parse ] --START--
INFO: ParseTemplate Behavior ::run [ RunTime:0.013008s ]
INFO: [ view_parse ] --END-- [ RunTime:0.013090s ]
INFO: [ view_filter ] --START--
INFO: ContentReplace Behavior ::run [ RunTime:0.001042s ]
INFO: TokenBuild Behavior ::run [ RunTime:0.000904s ]
INFO: WriteHtmlCache Behavior ::run [ RunTime:0.000809s ]
INFO: ShowRuntime Behavior ::run [ RunTime:0.001037s ]
INFO: [ view_filter ] --END-- [ RunTime:0.003945s ]
INFO: [ view_end ] --START--
INFO: ShowPageTrace Behavior ::run [ RunTime:0.001125s ]
INFO: [ view_end ] --END-- [ RunTime:0.001179s ]

