[ 2016-03-06T18:39:53+08:00 ] 127.0.0.1 /oceanliao/
INFO: [ app_begin ] --START--
INFO: ReadHtmlCache Behavior ::run [ RunTime:0.143809s ]
INFO: [ app_begin ] --END-- [ RunTime:0.143917s ]

[ 2016-03-06T18:39:57+08:00 ] 127.0.0.1 /oceanliao/index.php/Main/Eindex.html
INFO: [ route_check ] --START--
INFO: CheckRoute Behavior ::run [ RunTime:0.046618s ]
INFO: [ route_check ] --END-- [ RunTime:0.046724s ]
INFO: [ app_begin ] --START--
INFO: ReadHtmlCache Behavior ::run [ RunTime:0.001870s ]
INFO: [ app_begin ] --END-- [ RunTime:0.001944s ]
SQL: SHOW COLUMNS FROM `ocean_message` [ RunTime:0.004615s ]
SQL: SELECT * FROM `ocean_message` ORDER BY id DESC  [ RunTime:0.002971s ]
INFO: [ view_parse ] --START--
INFO: ParseTemplate Behavior ::run [ RunTime:3.570755s ]
INFO: [ view_parse ] --END-- [ RunTime:3.570865s ]
INFO: [ view_filter ] --START--
INFO: ContentReplace Behavior ::run [ RunTime:0.035492s ]
INFO: TokenBuild Behavior ::run [ RunTime:0.028318s ]
INFO: WriteHtmlCache Behavior ::run [ RunTime:0.078909s ]
INFO: ShowRuntime Behavior ::run [ RunTime:0.637142s ]
INFO: [ view_filter ] --END-- [ RunTime:0.780103s ]
INFO: [ view_end ] --START--
INFO: ShowPageTrace Behavior ::run [ RunTime:0.076392s ]
INFO: [ view_end ] --END-- [ RunTime:0.076480s ]

[ 2016-03-06T18:39:57+08:00 ] 127.0.0.1 /oceanliao/
INFO: [ app_begin ] --START--
INFO: ReadHtmlCache Behavior ::run [ RunTime:0.000984s ]
INFO: [ app_begin ] --END-- [ RunTime:0.001075s ]

[ 2016-03-06T18:39:58+08:00 ] 127.0.0.1 /oceanliao/index.php/Main/Eindex.html
INFO: [ route_check ] --START--
INFO: CheckRoute Behavior ::run [ RunTime:0.001187s ]
INFO: [ route_check ] --END-- [ RunTime:0.001277s ]
INFO: [ app_begin ] --START--
INFO: ReadHtmlCache Behavior ::run [ RunTime:0.000742s ]
INFO: [ app_begin ] --END-- [ RunTime:0.000813s ]
SQL: SHOW COLUMNS FROM `ocean_message` [ RunTime:0.003918s ]
SQL: SELECT * FROM `ocean_message` ORDER BY id DESC  [ RunTime:0.002899s ]
INFO: [ view_parse ] --START--
INFO: ParseTemplate Behavior ::run [ RunTime:0.012201s ]
INFO: [ view_parse ] --END-- [ RunTime:0.012288s ]
INFO: [ view_filter ] --START--
INFO: ContentReplace Behavior ::run [ RunTime:0.000706s ]
INFO: TokenBuild Behavior ::run [ RunTime:0.000653s ]
INFO: WriteHtmlCache Behavior ::run [ RunTime:0.000521s ]
INFO: ShowRuntime Behavior ::run [ RunTime:0.000753s ]
INFO: [ view_filter ] --END-- [ RunTime:0.002825s ]
INFO: [ view_end ] --START--
INFO: ShowPageTrace Behavior ::run [ RunTime:0.000920s ]
INFO: [ view_end ] --END-- [ RunTime:0.000991s ]

