[ 2016-03-28T14:56:31+08:00 ] 127.0.0.1 /oceanliao/
INFO: [ app_begin ] --START--
INFO: ReadHtmlCache Behavior ::run [ RunTime:0.001417s ]
INFO: [ app_begin ] --END-- [ RunTime:0.001489s ]

[ 2016-03-28T14:56:31+08:00 ] 127.0.0.1 /oceanliao/index.php/Main/Eindex.html
INFO: [ route_check ] --START--
INFO: CheckRoute Behavior ::run [ RunTime:0.001555s ]
INFO: [ route_check ] --END-- [ RunTime:0.001627s ]
INFO: [ app_begin ] --START--
INFO: ReadHtmlCache Behavior ::run [ RunTime:0.000798s ]
INFO: [ app_begin ] --END-- [ RunTime:0.000854s ]
SQL: SHOW COLUMNS FROM `ocean_message` [ RunTime:0.004368s ]
SQL: SELECT * FROM `ocean_message` ORDER BY id DESC  [ RunTime:0.002318s ]
INFO: [ view_parse ] --START--
INFO: ParseTemplate Behavior ::run [ RunTime:0.013980s ]
INFO: [ view_parse ] --END-- [ RunTime:0.014065s ]
INFO: [ view_filter ] --START--
INFO: ContentReplace Behavior ::run [ RunTime:0.001136s ]
INFO: TokenBuild Behavior ::run [ RunTime:0.000964s ]
INFO: WriteHtmlCache Behavior ::run [ RunTime:0.000877s ]
INFO: ShowRuntime Behavior ::run [ RunTime:0.001105s ]
INFO: [ view_filter ] --END-- [ RunTime:0.004238s ]
INFO: [ view_end ] --START--
INFO: ShowPageTrace Behavior ::run [ RunTime:0.001323s ]
INFO: [ view_end ] --END-- [ RunTime:0.001398s ]

[ 2016-03-28T15:30:43+08:00 ] 127.0.0.1 /oceanliao/
INFO: [ app_begin ] --START--
INFO: ReadHtmlCache Behavior ::run [ RunTime:0.001344s ]
INFO: [ app_begin ] --END-- [ RunTime:0.001411s ]

[ 2016-03-28T15:30:43+08:00 ] 127.0.0.1 /oceanliao/index.php/Main/Eindex.html
INFO: [ route_check ] --START--
INFO: CheckRoute Behavior ::run [ RunTime:0.001599s ]
INFO: [ route_check ] --END-- [ RunTime:0.001668s ]
INFO: [ app_begin ] --START--
INFO: ReadHtmlCache Behavior ::run [ RunTime:0.001164s ]
INFO: [ app_begin ] --END-- [ RunTime:0.001221s ]
SQL: SHOW COLUMNS FROM `ocean_message` [ RunTime:0.004650s ]
SQL: SELECT * FROM `ocean_message` ORDER BY id DESC  [ RunTime:0.008981s ]
INFO: [ view_parse ] --START--
INFO: ParseTemplate Behavior ::run [ RunTime:0.020088s ]
INFO: [ view_parse ] --END-- [ RunTime:0.020157s ]
INFO: [ view_filter ] --START--
INFO: ContentReplace Behavior ::run [ RunTime:0.001230s ]
INFO: TokenBuild Behavior ::run [ RunTime:0.001182s ]
INFO: WriteHtmlCache Behavior ::run [ RunTime:0.001074s ]
INFO: ShowRuntime Behavior ::run [ RunTime:0.001262s ]
INFO: [ view_filter ] --END-- [ RunTime:0.004900s ]
INFO: [ view_end ] --START--
INFO: ShowPageTrace Behavior ::run [ RunTime:0.001390s ]
INFO: [ view_end ] --END-- [ RunTime:0.001446s ]

